{"/home/yanlin/hackreactor/Project-Atelier/client/src/app.jsx": {"path":"/home/yanlin/hackreactor/Project-Atelier/client/src/app.jsx","statementMap":{"0":{"start":{"line":10,"column":4},"end":{"line":10,"column":17}},"1":{"start":{"line":11,"column":4},"end":{"line":13,"column":6}},"2":{"start":{"line":21,"column":4},"end":{"line":28,"column":6}}},"fnMap":{"0":{"name":"(anonymous_0)","decl":{"start":{"line":9,"column":2},"end":{"line":9,"column":3}},"loc":{"start":{"line":9,"column":21},"end":{"line":14,"column":3}},"line":9},"1":{"name":"(anonymous_1)","decl":{"start":{"line":16,"column":2},"end":{"line":16,"column":3}},"loc":{"start":{"line":16,"column":22},"end":{"line":18,"column":3}},"line":16},"2":{"name":"(anonymous_2)","decl":{"start":{"line":20,"column":2},"end":{"line":20,"column":3}},"loc":{"start":{"line":20,"column":11},"end":{"line":29,"column":3}},"line":20}},"branchMap":{},"s":{"0":0,"1":0,"2":0},"f":{"0":0,"1":0,"2":0},"b":{},"_coverageSchema":"1a1c01bbd47fc00a2c39e90264f33305004495a9","hash":"49d1d6a6dc1baec49be8d4555989ec31be9ca34c"}
,"/home/yanlin/hackreactor/Project-Atelier/client/src/components/ProdOverview/OverView.jsx": {"path":"/home/yanlin/hackreactor/Project-Atelier/client/src/components/ProdOverview/OverView.jsx","statementMap":{"0":{"start":{"line":11,"column":4},"end":{"line":11,"column":17}},"1":{"start":{"line":12,"column":4},"end":{"line":14,"column":6}},"2":{"start":{"line":15,"column":4},"end":{"line":15,"column":51}},"3":{"start":{"line":19,"column":20},"end":{"line":19,"column":40}},"4":{"start":{"line":20,"column":23},"end":{"line":20,"column":66}},"5":{"start":{"line":21,"column":4},"end":{"line":29,"column":9}},"6":{"start":{"line":23,"column":8},"end":{"line":25,"column":11}},"7":{"start":{"line":28,"column":8},"end":{"line":28,"column":27}},"8":{"start":{"line":31,"column":21},"end":{"line":31,"column":62}},"9":{"start":{"line":32,"column":4},"end":{"line":42,"column":9}},"10":{"start":{"line":34,"column":8},"end":{"line":38,"column":11}},"11":{"start":{"line":41,"column":8},"end":{"line":41,"column":27}},"12":{"start":{"line":47,"column":4},"end":{"line":49,"column":7}},"13":{"start":{"line":54,"column":4},"end":{"line":70,"column":5}},"14":{"start":{"line":55,"column":6},"end":{"line":58,"column":8}},"15":{"start":{"line":60,"column":6},"end":{"line":69,"column":8}}},"fnMap":{"0":{"name":"(anonymous_0)","decl":{"start":{"line":10,"column":2},"end":{"line":10,"column":3}},"loc":{"start":{"line":10,"column":21},"end":{"line":16,"column":3}},"line":10},"1":{"name":"(anonymous_1)","decl":{"start":{"line":18,"column":2},"end":{"line":18,"column":3}},"loc":{"start":{"line":18,"column":22},"end":{"line":43,"column":3}},"line":18},"2":{"name":"(anonymous_2)","decl":{"start":{"line":22,"column":12},"end":{"line":22,"column":13}},"loc":{"start":{"line":22,"column":26},"end":{"line":26,"column":7}},"line":22},"3":{"name":"(anonymous_3)","decl":{"start":{"line":27,"column":13},"end":{"line":27,"column":14}},"loc":{"start":{"line":27,"column":30},"end":{"line":29,"column":7}},"line":27},"4":{"name":"(anonymous_4)","decl":{"start":{"line":33,"column":12},"end":{"line":33,"column":13}},"loc":{"start":{"line":33,"column":26},"end":{"line":39,"column":7}},"line":33},"5":{"name":"(anonymous_5)","decl":{"start":{"line":40,"column":13},"end":{"line":40,"column":14}},"loc":{"start":{"line":40,"column":30},"end":{"line":42,"column":7}},"line":40},"6":{"name":"(anonymous_6)","decl":{"start":{"line":45,"column":2},"end":{"line":45,"column":3}},"loc":{"start":{"line":45,"column":29},"end":{"line":50,"column":3}},"line":45},"7":{"name":"(anonymous_7)","decl":{"start":{"line":52,"column":2},"end":{"line":52,"column":3}},"loc":{"start":{"line":52,"column":12},"end":{"line":71,"column":3}},"line":52}},"branchMap":{"0":{"loc":{"start":{"line":54,"column":4},"end":{"line":70,"column":5}},"type":"if","locations":[{"start":{"line":54,"column":4},"end":{"line":70,"column":5}},{"start":{"line":59,"column":11},"end":{"line":70,"column":5}}],"line":54}},"s":{"0":0,"1":0,"2":0,"3":0,"4":0,"5":0,"6":0,"7":0,"8":0,"9":0,"10":0,"11":0,"12":0,"13":0,"14":0,"15":0},"f":{"0":0,"1":0,"2":0,"3":0,"4":0,"5":0,"6":0,"7":0},"b":{"0":[0,0]},"_coverageSchema":"1a1c01bbd47fc00a2c39e90264f33305004495a9","hash":"efae7ffc041b1cbafed2a38b96dfcc2baf205c78"}
,"/home/yanlin/hackreactor/Project-Atelier/client/src/components/ProdOverview/ProductInfo.jsx": {"path":"/home/yanlin/hackreactor/Project-Atelier/client/src/components/ProdOverview/ProductInfo.jsx","statementMap":{"0":{"start":{"line":4,"column":20},"end":{"line":12,"column":1}},"1":{"start":{"line":6,"column":2},"end":{"line":11,"column":4}}},"fnMap":{"0":{"name":"(anonymous_0)","decl":{"start":{"line":4,"column":20},"end":{"line":4,"column":21}},"loc":{"start":{"line":4,"column":31},"end":{"line":12,"column":1}},"line":4}},"branchMap":{},"s":{"0":1,"1":0},"f":{"0":0},"b":{},"_coverageSchema":"1a1c01bbd47fc00a2c39e90264f33305004495a9","hash":"d420fcd9c5293f6f42fa27e27af1cef63c1db928"}
,"/home/yanlin/hackreactor/Project-Atelier/client/src/components/ProdOverview/AddToCart/AddToCart.jsx": {"path":"/home/yanlin/hackreactor/Project-Atelier/client/src/components/ProdOverview/AddToCart/AddToCart.jsx","statementMap":{"0":{"start":{"line":7,"column":4},"end":{"line":7,"column":17}},"1":{"start":{"line":8,"column":4},"end":{"line":10,"column":6}},"2":{"start":{"line":14,"column":4},"end":{"line":18,"column":5}},"3":{"start":{"line":15,"column":6},"end":{"line":17,"column":9}},"4":{"start":{"line":22,"column":4},"end":{"line":26,"column":7}},"5":{"start":{"line":30,"column":19},"end":{"line":30,"column":68}},"6":{"start":{"line":31,"column":4},"end":{"line":33,"column":7}},"7":{"start":{"line":38,"column":4},"end":{"line":44,"column":6}}},"fnMap":{"0":{"name":"(anonymous_0)","decl":{"start":{"line":6,"column":2},"end":{"line":6,"column":3}},"loc":{"start":{"line":6,"column":22},"end":{"line":11,"column":3}},"line":6},"1":{"name":"(anonymous_1)","decl":{"start":{"line":13,"column":2},"end":{"line":13,"column":3}},"loc":{"start":{"line":13,"column":39},"end":{"line":19,"column":3}},"line":13},"2":{"name":"(anonymous_2)","decl":{"start":{"line":21,"column":2},"end":{"line":21,"column":3}},"loc":{"start":{"line":21,"column":26},"end":{"line":27,"column":3}},"line":21},"3":{"name":"(anonymous_3)","decl":{"start":{"line":29,"column":2},"end":{"line":29,"column":3}},"loc":{"start":{"line":29,"column":20},"end":{"line":34,"column":3}},"line":29},"4":{"name":"(anonymous_4)","decl":{"start":{"line":36,"column":2},"end":{"line":36,"column":3}},"loc":{"start":{"line":36,"column":12},"end":{"line":45,"column":3}},"line":36}},"branchMap":{"0":{"loc":{"start":{"line":14,"column":4},"end":{"line":18,"column":5}},"type":"if","locations":[{"start":{"line":14,"column":4},"end":{"line":18,"column":5}},{"start":{},"end":{}}],"line":14}},"s":{"0":0,"1":0,"2":0,"3":0,"4":0,"5":0,"6":0,"7":0},"f":{"0":0,"1":0,"2":0,"3":0,"4":0},"b":{"0":[0,0]},"_coverageSchema":"1a1c01bbd47fc00a2c39e90264f33305004495a9","hash":"42f3c7fcdc4bc5dc8b3e1da5d5b30b12eba2f4b3"}
,"/home/yanlin/hackreactor/Project-Atelier/client/src/components/ProdOverview/AddToCart/QuantityDropdown.jsx": {"path":"/home/yanlin/hackreactor/Project-Atelier/client/src/components/ProdOverview/AddToCart/QuantityDropdown.jsx","statementMap":{"0":{"start":{"line":3,"column":25},"end":{"line":34,"column":1}},"1":{"start":{"line":5,"column":2},"end":{"line":33,"column":3}},"2":{"start":{"line":6,"column":4},"end":{"line":12,"column":6}},"3":{"start":{"line":14,"column":18},"end":{"line":14,"column":20}},"4":{"start":{"line":15,"column":4},"end":{"line":23,"column":5}},"5":{"start":{"line":16,"column":6},"end":{"line":18,"column":7}},"6":{"start":{"line":16,"column":19},"end":{"line":16,"column":20}},"7":{"start":{"line":17,"column":8},"end":{"line":17,"column":24}},"8":{"start":{"line":20,"column":6},"end":{"line":22,"column":7}},"9":{"start":{"line":20,"column":19},"end":{"line":20,"column":20}},"10":{"start":{"line":21,"column":8},"end":{"line":21,"column":24}},"11":{"start":{"line":24,"column":4},"end":{"line":32,"column":6}},"12":{"start":{"line":28,"column":12},"end":{"line":28,"column":58}}},"fnMap":{"0":{"name":"(anonymous_0)","decl":{"start":{"line":3,"column":25},"end":{"line":3,"column":26}},"loc":{"start":{"line":3,"column":36},"end":{"line":34,"column":1}},"line":3},"1":{"name":"(anonymous_1)","decl":{"start":{"line":27,"column":23},"end":{"line":27,"column":24}},"loc":{"start":{"line":27,"column":43},"end":{"line":29,"column":11}},"line":27}},"branchMap":{"0":{"loc":{"start":{"line":5,"column":2},"end":{"line":33,"column":3}},"type":"if","locations":[{"start":{"line":5,"column":2},"end":{"line":33,"column":3}},{"start":{"line":13,"column":9},"end":{"line":33,"column":3}}],"line":5},"1":{"loc":{"start":{"line":15,"column":4},"end":{"line":23,"column":5}},"type":"if","locations":[{"start":{"line":15,"column":4},"end":{"line":23,"column":5}},{"start":{"line":19,"column":11},"end":{"line":23,"column":5}}],"line":15}},"s":{"0":1,"1":0,"2":0,"3":0,"4":0,"5":0,"6":0,"7":0,"8":0,"9":0,"10":0,"11":0,"12":0},"f":{"0":0,"1":0},"b":{"0":[0,0],"1":[0,0]},"_coverageSchema":"1a1c01bbd47fc00a2c39e90264f33305004495a9","hash":"3480d2420bf4519d7a47a2ee0c4d2209ea8ee04b"}
,"/home/yanlin/hackreactor/Project-Atelier/client/src/components/ProdOverview/AddToCart/SizeDropdown.jsx": {"path":"/home/yanlin/hackreactor/Project-Atelier/client/src/components/ProdOverview/AddToCart/SizeDropdown.jsx","statementMap":{"0":{"start":{"line":3,"column":21},"end":{"line":39,"column":1}},"1":{"start":{"line":5,"column":14},"end":{"line":5,"column":48}},"2":{"start":{"line":7,"column":17},"end":{"line":17,"column":3}},"3":{"start":{"line":8,"column":15},"end":{"line":8,"column":60}},"4":{"start":{"line":9,"column":4},"end":{"line":16,"column":5}},"5":{"start":{"line":10,"column":6},"end":{"line":15,"column":7}},"6":{"start":{"line":11,"column":8},"end":{"line":11,"column":55}},"7":{"start":{"line":12,"column":8},"end":{"line":12,"column":14}},"8":{"start":{"line":14,"column":8},"end":{"line":14,"column":39}},"9":{"start":{"line":19,"column":2},"end":{"line":38,"column":3}},"10":{"start":{"line":20,"column":4},"end":{"line":26,"column":6}},"11":{"start":{"line":28,"column":4},"end":{"line":37,"column":6}},"12":{"start":{"line":33,"column":12},"end":{"line":33,"column":63}}},"fnMap":{"0":{"name":"(anonymous_0)","decl":{"start":{"line":3,"column":21},"end":{"line":3,"column":22}},"loc":{"start":{"line":3,"column":32},"end":{"line":39,"column":1}},"line":3},"1":{"name":"(anonymous_1)","decl":{"start":{"line":7,"column":17},"end":{"line":7,"column":18}},"loc":{"start":{"line":7,"column":24},"end":{"line":17,"column":3}},"line":7},"2":{"name":"(anonymous_2)","decl":{"start":{"line":32,"column":21},"end":{"line":32,"column":22}},"loc":{"start":{"line":32,"column":41},"end":{"line":34,"column":11}},"line":32}},"branchMap":{"0":{"loc":{"start":{"line":10,"column":6},"end":{"line":15,"column":7}},"type":"if","locations":[{"start":{"line":10,"column":6},"end":{"line":15,"column":7}},{"start":{"line":13,"column":13},"end":{"line":15,"column":7}}],"line":10},"1":{"loc":{"start":{"line":19,"column":2},"end":{"line":38,"column":3}},"type":"if","locations":[{"start":{"line":19,"column":2},"end":{"line":38,"column":3}},{"start":{"line":27,"column":9},"end":{"line":38,"column":3}}],"line":19}},"s":{"0":1,"1":0,"2":0,"3":0,"4":0,"5":0,"6":0,"7":0,"8":0,"9":0,"10":0,"11":0,"12":0},"f":{"0":0,"1":0,"2":0},"b":{"0":[0,0],"1":[0,0]},"_coverageSchema":"1a1c01bbd47fc00a2c39e90264f33305004495a9","hash":"f6f54e99280e90bc7e2dd42a692423abb107327a"}
,"/home/yanlin/hackreactor/Project-Atelier/client/src/components/ProdOverview/ImageGallery/DefaultGallery.jsx": {"path":"/home/yanlin/hackreactor/Project-Atelier/client/src/components/ProdOverview/ImageGallery/DefaultGallery.jsx","statementMap":{"0":{"start":{"line":8,"column":4},"end":{"line":8,"column":17}},"1":{"start":{"line":9,"column":4},"end":{"line":11,"column":6}},"2":{"start":{"line":16,"column":4},"end":{"line":20,"column":5}},"3":{"start":{"line":17,"column":6},"end":{"line":19,"column":9}},"4":{"start":{"line":24,"column":4},"end":{"line":32,"column":5}},"5":{"start":{"line":25,"column":6},"end":{"line":27,"column":9}},"6":{"start":{"line":29,"column":6},"end":{"line":31,"column":9}},"7":{"start":{"line":36,"column":4},"end":{"line":45,"column":5}},"8":{"start":{"line":37,"column":6},"end":{"line":39,"column":9}},"9":{"start":{"line":41,"column":6},"end":{"line":41,"column":55}},"10":{"start":{"line":42,"column":6},"end":{"line":44,"column":9}},"11":{"start":{"line":49,"column":4},"end":{"line":51,"column":7}},"12":{"start":{"line":55,"column":4},"end":{"line":72,"column":6}},"13":{"start":{"line":64,"column":12},"end":{"line":68,"column":13}},"14":{"start":{"line":65,"column":14},"end":{"line":65,"column":128}},"15":{"start":{"line":65,"column":97},"end":{"line":65,"column":121}},"16":{"start":{"line":67,"column":14},"end":{"line":67,"column":119}},"17":{"start":{"line":67,"column":88},"end":{"line":67,"column":112}}},"fnMap":{"0":{"name":"(anonymous_0)","decl":{"start":{"line":7,"column":2},"end":{"line":7,"column":3}},"loc":{"start":{"line":7,"column":22},"end":{"line":12,"column":3}},"line":7},"1":{"name":"(anonymous_1)","decl":{"start":{"line":14,"column":2},"end":{"line":14,"column":3}},"loc":{"start":{"line":14,"column":31},"end":{"line":21,"column":3}},"line":14},"2":{"name":"(anonymous_2)","decl":{"start":{"line":23,"column":2},"end":{"line":23,"column":3}},"loc":{"start":{"line":23,"column":17},"end":{"line":33,"column":3}},"line":23},"3":{"name":"(anonymous_3)","decl":{"start":{"line":35,"column":2},"end":{"line":35,"column":3}},"loc":{"start":{"line":35,"column":16},"end":{"line":46,"column":3}},"line":35},"4":{"name":"(anonymous_4)","decl":{"start":{"line":48,"column":2},"end":{"line":48,"column":3}},"loc":{"start":{"line":48,"column":21},"end":{"line":52,"column":3}},"line":48},"5":{"name":"(anonymous_5)","decl":{"start":{"line":54,"column":2},"end":{"line":54,"column":3}},"loc":{"start":{"line":54,"column":12},"end":{"line":73,"column":3}},"line":54},"6":{"name":"(anonymous_6)","decl":{"start":{"line":63,"column":33},"end":{"line":63,"column":34}},"loc":{"start":{"line":63,"column":53},"end":{"line":69,"column":11}},"line":63},"7":{"name":"(anonymous_7)","decl":{"start":{"line":65,"column":89},"end":{"line":65,"column":90}},"loc":{"start":{"line":65,"column":95},"end":{"line":65,"column":123}},"line":65},"8":{"name":"(anonymous_8)","decl":{"start":{"line":67,"column":80},"end":{"line":67,"column":81}},"loc":{"start":{"line":67,"column":86},"end":{"line":67,"column":114}},"line":67}},"branchMap":{"0":{"loc":{"start":{"line":16,"column":4},"end":{"line":20,"column":5}},"type":"if","locations":[{"start":{"line":16,"column":4},"end":{"line":20,"column":5}},{"start":{},"end":{}}],"line":16},"1":{"loc":{"start":{"line":24,"column":4},"end":{"line":32,"column":5}},"type":"if","locations":[{"start":{"line":24,"column":4},"end":{"line":32,"column":5}},{"start":{"line":28,"column":11},"end":{"line":32,"column":5}}],"line":24},"2":{"loc":{"start":{"line":36,"column":4},"end":{"line":45,"column":5}},"type":"if","locations":[{"start":{"line":36,"column":4},"end":{"line":45,"column":5}},{"start":{"line":40,"column":11},"end":{"line":45,"column":5}}],"line":36},"3":{"loc":{"start":{"line":36,"column":8},"end":{"line":36,"column":98}},"type":"binary-expr","locations":[{"start":{"line":36,"column":8},"end":{"line":36,"column":64}},{"start":{"line":36,"column":68},"end":{"line":36,"column":98}}],"line":36},"4":{"loc":{"start":{"line":64,"column":12},"end":{"line":68,"column":13}},"type":"if","locations":[{"start":{"line":64,"column":12},"end":{"line":68,"column":13}},{"start":{"line":66,"column":19},"end":{"line":68,"column":13}}],"line":64}},"s":{"0":0,"1":0,"2":0,"3":0,"4":0,"5":0,"6":0,"7":0,"8":0,"9":0,"10":0,"11":0,"12":0,"13":0,"14":0,"15":0,"16":0,"17":0},"f":{"0":0,"1":0,"2":0,"3":0,"4":0,"5":0,"6":0,"7":0,"8":0},"b":{"0":[0,0],"1":[0,0],"2":[0,0],"3":[0,0],"4":[0,0]},"_coverageSchema":"1a1c01bbd47fc00a2c39e90264f33305004495a9","hash":"489dd06f6565a1077a1203868ce6c6900cff5590"}
,"/home/yanlin/hackreactor/Project-Atelier/client/src/components/ProdOverview/ImageGallery/Gallery.styles.js": {"path":"/home/yanlin/hackreactor/Project-Atelier/client/src/components/ProdOverview/ImageGallery/Gallery.styles.js","statementMap":{"0":{"start":{"line":3,"column":28},"end":{"line":10,"column":1}},"1":{"start":{"line":12,"column":26},"end":{"line":16,"column":1}},"2":{"start":{"line":18,"column":30},"end":{"line":25,"column":1}},"3":{"start":{"line":27,"column":24},"end":{"line":30,"column":1}},"4":{"start":{"line":32,"column":33},"end":{"line":36,"column":1}},"5":{"start":{"line":38,"column":26},"end":{"line":46,"column":1}},"6":{"start":{"line":48,"column":25},"end":{"line":56,"column":1}}},"fnMap":{},"branchMap":{},"s":{"0":1,"1":1,"2":1,"3":1,"4":1,"5":1,"6":1},"f":{},"b":{},"_coverageSchema":"1a1c01bbd47fc00a2c39e90264f33305004495a9","hash":"429592219888ac952769cc17533e4bd6a1813806"}
,"/home/yanlin/hackreactor/Project-Atelier/client/src/components/ProdOverview/StyleSelector/Style.styles.js": {"path":"/home/yanlin/hackreactor/Project-Atelier/client/src/components/ProdOverview/StyleSelector/Style.styles.js","statementMap":{"0":{"start":{"line":4,"column":24},"end":{"line":6,"column":1}},"1":{"start":{"line":8,"column":23},"end":{"line":15,"column":1}},"2":{"start":{"line":17,"column":25},"end":{"line":19,"column":1}},"3":{"start":{"line":22,"column":26},"end":{"line":24,"column":1}}},"fnMap":{},"branchMap":{},"s":{"0":1,"1":1,"2":1,"3":1},"f":{},"b":{},"_coverageSchema":"1a1c01bbd47fc00a2c39e90264f33305004495a9","hash":"c0eb15b621e1ea7b497d714b5b0c3dad74328c67"}
,"/home/yanlin/hackreactor/Project-Atelier/client/src/components/ProdOverview/StyleSelector/StyleSelect.jsx": {"path":"/home/yanlin/hackreactor/Project-Atelier/client/src/components/ProdOverview/StyleSelector/StyleSelect.jsx","statementMap":{"0":{"start":{"line":7,"column":4},"end":{"line":7,"column":17}},"1":{"start":{"line":12,"column":4},"end":{"line":21,"column":6}},"2":{"start":{"line":15,"column":10},"end":{"line":18,"column":23}}},"fnMap":{"0":{"name":"(anonymous_0)","decl":{"start":{"line":6,"column":2},"end":{"line":6,"column":3}},"loc":{"start":{"line":6,"column":22},"end":{"line":8,"column":3}},"line":6},"1":{"name":"(anonymous_1)","decl":{"start":{"line":10,"column":2},"end":{"line":10,"column":3}},"loc":{"start":{"line":10,"column":12},"end":{"line":22,"column":3}},"line":10},"2":{"name":"(anonymous_2)","decl":{"start":{"line":14,"column":39},"end":{"line":14,"column":40}},"loc":{"start":{"line":14,"column":59},"end":{"line":19,"column":9}},"line":14}},"branchMap":{},"s":{"0":0,"1":0,"2":0},"f":{"0":0,"1":0,"2":0},"b":{},"_coverageSchema":"1a1c01bbd47fc00a2c39e90264f33305004495a9","hash":"f1fa4683533dc0496984d8f0375e5357e73ad0a0"}
,"/home/yanlin/hackreactor/Project-Atelier/client/src/components/ProdOverview/StyleSelector/StyleSelectBubble.jsx": {"path":"/home/yanlin/hackreactor/Project-Atelier/client/src/components/ProdOverview/StyleSelector/StyleSelectBubble.jsx","statementMap":{"0":{"start":{"line":4,"column":20},"end":{"line":16,"column":1}},"1":{"start":{"line":7,"column":17},"end":{"line":9,"column":3}},"2":{"start":{"line":8,"column":4},"end":{"line":8,"column":31}},"3":{"start":{"line":11,"column":2},"end":{"line":15,"column":4}}},"fnMap":{"0":{"name":"(anonymous_0)","decl":{"start":{"line":4,"column":20},"end":{"line":4,"column":21}},"loc":{"start":{"line":4,"column":31},"end":{"line":16,"column":1}},"line":4},"1":{"name":"(anonymous_1)","decl":{"start":{"line":7,"column":17},"end":{"line":7,"column":18}},"loc":{"start":{"line":7,"column":23},"end":{"line":9,"column":3}},"line":7}},"branchMap":{},"s":{"0":1,"1":0,"2":0,"3":0},"f":{"0":0,"1":0},"b":{},"_coverageSchema":"1a1c01bbd47fc00a2c39e90264f33305004495a9","hash":"32cb3d4c2f7645e4f7655d90f6eae3a163242f79"}
,"/home/yanlin/hackreactor/Project-Atelier/client/src/components/QnAcomponents/AddAnswerForm.jsx": {"path":"/home/yanlin/hackreactor/Project-Atelier/client/src/components/QnAcomponents/AddAnswerForm.jsx","statementMap":{"0":{"start":{"line":6,"column":4},"end":{"line":6,"column":17}},"1":{"start":{"line":7,"column":4},"end":{"line":11,"column":6}},"2":{"start":{"line":12,"column":4},"end":{"line":12,"column":63}},"3":{"start":{"line":13,"column":4},"end":{"line":13,"column":53}},"4":{"start":{"line":17,"column":19},"end":{"line":17,"column":31}},"5":{"start":{"line":18,"column":18},"end":{"line":18,"column":30}},"6":{"start":{"line":19,"column":17},"end":{"line":19,"column":28}},"7":{"start":{"line":20,"column":4},"end":{"line":22,"column":7}},"8":{"start":{"line":26,"column":4},"end":{"line":26,"column":27}},"9":{"start":{"line":27,"column":21},"end":{"line":27,"column":42}},"10":{"start":{"line":28,"column":15},"end":{"line":28,"column":36}},"11":{"start":{"line":29,"column":19},"end":{"line":29,"column":38}},"12":{"start":{"line":30,"column":16},"end":{"line":30,"column":32}},"13":{"start":{"line":31,"column":17},"end":{"line":31,"column":19}},"14":{"start":{"line":32,"column":27},"end":{"line":32,"column":71}},"15":{"start":{"line":33,"column":20},"end":{"line":33,"column":40}},"16":{"start":{"line":35,"column":4},"end":{"line":50,"column":5}},"17":{"start":{"line":37,"column":16},"end":{"line":37,"column":56}},"18":{"start":{"line":38,"column":6},"end":{"line":47,"column":11}},"19":{"start":{"line":40,"column":10},"end":{"line":40,"column":65}},"20":{"start":{"line":42,"column":10},"end":{"line":42,"column":51}},"21":{"start":{"line":43,"column":10},"end":{"line":43,"column":35}},"22":{"start":{"line":46,"column":10},"end":{"line":46,"column":29}},"23":{"start":{"line":49,"column":6},"end":{"line":49,"column":37}},"24":{"start":{"line":54,"column":4},"end":{"line":62,"column":5}},"25":{"start":{"line":55,"column":6},"end":{"line":55,"column":19}},"26":{"start":{"line":56,"column":11},"end":{"line":62,"column":5}},"27":{"start":{"line":57,"column":6},"end":{"line":57,"column":19}},"28":{"start":{"line":58,"column":11},"end":{"line":62,"column":5}},"29":{"start":{"line":59,"column":6},"end":{"line":59,"column":19}},"30":{"start":{"line":61,"column":6},"end":{"line":61,"column":18}},"31":{"start":{"line":66,"column":4},"end":{"line":113,"column":6}},"32":{"start":{"line":110,"column":62},"end":{"line":110,"column":82}}},"fnMap":{"0":{"name":"(anonymous_0)","decl":{"start":{"line":5,"column":2},"end":{"line":5,"column":3}},"loc":{"start":{"line":5,"column":21},"end":{"line":14,"column":3}},"line":5},"1":{"name":"(anonymous_1)","decl":{"start":{"line":16,"column":2},"end":{"line":16,"column":3}},"loc":{"start":{"line":16,"column":27},"end":{"line":23,"column":3}},"line":16},"2":{"name":"(anonymous_2)","decl":{"start":{"line":25,"column":2},"end":{"line":25,"column":3}},"loc":{"start":{"line":25,"column":17},"end":{"line":51,"column":3}},"line":25},"3":{"name":"(anonymous_3)","decl":{"start":{"line":39,"column":14},"end":{"line":39,"column":15}},"loc":{"start":{"line":39,"column":28},"end":{"line":44,"column":9}},"line":39},"4":{"name":"(anonymous_4)","decl":{"start":{"line":45,"column":15},"end":{"line":45,"column":16}},"loc":{"start":{"line":45,"column":32},"end":{"line":47,"column":9}},"line":45},"5":{"name":"(anonymous_5)","decl":{"start":{"line":53,"column":2},"end":{"line":53,"column":3}},"loc":{"start":{"line":53,"column":44},"end":{"line":63,"column":3}},"line":53},"6":{"name":"(anonymous_6)","decl":{"start":{"line":65,"column":2},"end":{"line":65,"column":3}},"loc":{"start":{"line":65,"column":11},"end":{"line":114,"column":3}},"line":65},"7":{"name":"(anonymous_7)","decl":{"start":{"line":110,"column":57},"end":{"line":110,"column":58}},"loc":{"start":{"line":110,"column":62},"end":{"line":110,"column":82}},"line":110}},"branchMap":{"0":{"loc":{"start":{"line":35,"column":4},"end":{"line":50,"column":5}},"type":"if","locations":[{"start":{"line":35,"column":4},"end":{"line":50,"column":5}},{"start":{"line":48,"column":11},"end":{"line":50,"column":5}}],"line":35},"1":{"loc":{"start":{"line":54,"column":4},"end":{"line":62,"column":5}},"type":"if","locations":[{"start":{"line":54,"column":4},"end":{"line":62,"column":5}},{"start":{"line":56,"column":11},"end":{"line":62,"column":5}}],"line":54},"2":{"loc":{"start":{"line":56,"column":11},"end":{"line":62,"column":5}},"type":"if","locations":[{"start":{"line":56,"column":11},"end":{"line":62,"column":5}},{"start":{"line":58,"column":11},"end":{"line":62,"column":5}}],"line":56},"3":{"loc":{"start":{"line":58,"column":11},"end":{"line":62,"column":5}},"type":"if","locations":[{"start":{"line":58,"column":11},"end":{"line":62,"column":5}},{"start":{"line":60,"column":11},"end":{"line":62,"column":5}}],"line":58}},"s":{"0":0,"1":0,"2":0,"3":0,"4":0,"5":0,"6":0,"7":0,"8":0,"9":0,"10":0,"11":0,"12":0,"13":0,"14":0,"15":0,"16":0,"17":0,"18":0,"19":0,"20":0,"21":0,"22":0,"23":0,"24":0,"25":0,"26":0,"27":0,"28":0,"29":0,"30":0,"31":0,"32":0},"f":{"0":0,"1":0,"2":0,"3":0,"4":0,"5":0,"6":0,"7":0},"b":{"0":[0,0],"1":[0,0],"2":[0,0],"3":[0,0]},"_coverageSchema":"1a1c01bbd47fc00a2c39e90264f33305004495a9","hash":"1d6179a18ae3a5770a5da78336f9203687e67afd"}
,"/home/yanlin/hackreactor/Project-Atelier/client/src/components/QnAcomponents/AddQuestion.jsx": {"path":"/home/yanlin/hackreactor/Project-Atelier/client/src/components/QnAcomponents/AddQuestion.jsx","statementMap":{"0":{"start":{"line":6,"column":4},"end":{"line":6,"column":17}},"1":{"start":{"line":7,"column":4},"end":{"line":11,"column":6}},"2":{"start":{"line":12,"column":4},"end":{"line":12,"column":65}},"3":{"start":{"line":17,"column":4},"end":{"line":20,"column":7}},"4":{"start":{"line":27,"column":4},"end":{"line":31,"column":5}},"5":{"start":{"line":28,"column":6},"end":{"line":28,"column":127}},"6":{"start":{"line":30,"column":6},"end":{"line":30,"column":26}},"7":{"start":{"line":32,"column":4},"end":{"line":36,"column":5}},"8":{"start":{"line":33,"column":6},"end":{"line":33,"column":99}},"9":{"start":{"line":33,"column":44},"end":{"line":33,"column":69}},"10":{"start":{"line":35,"column":6},"end":{"line":35,"column":35}},"11":{"start":{"line":37,"column":4},"end":{"line":42,"column":6}}},"fnMap":{"0":{"name":"(anonymous_0)","decl":{"start":{"line":5,"column":2},"end":{"line":5,"column":3}},"loc":{"start":{"line":5,"column":21},"end":{"line":14,"column":3}},"line":5},"1":{"name":"(anonymous_1)","decl":{"start":{"line":16,"column":2},"end":{"line":16,"column":3}},"loc":{"start":{"line":16,"column":23},"end":{"line":21,"column":3}},"line":16},"2":{"name":"(anonymous_2)","decl":{"start":{"line":24,"column":2},"end":{"line":24,"column":3}},"loc":{"start":{"line":24,"column":11},"end":{"line":43,"column":3}},"line":24},"3":{"name":"(anonymous_3)","decl":{"start":{"line":33,"column":40},"end":{"line":33,"column":41}},"loc":{"start":{"line":33,"column":44},"end":{"line":33,"column":69}},"line":33}},"branchMap":{"0":{"loc":{"start":{"line":27,"column":4},"end":{"line":31,"column":5}},"type":"if","locations":[{"start":{"line":27,"column":4},"end":{"line":31,"column":5}},{"start":{"line":29,"column":11},"end":{"line":31,"column":5}}],"line":27},"1":{"loc":{"start":{"line":32,"column":4},"end":{"line":36,"column":5}},"type":"if","locations":[{"start":{"line":32,"column":4},"end":{"line":36,"column":5}},{"start":{"line":34,"column":11},"end":{"line":36,"column":5}}],"line":32}},"s":{"0":0,"1":0,"2":0,"3":0,"4":0,"5":0,"6":0,"7":0,"8":0,"9":0,"10":0,"11":0},"f":{"0":0,"1":0,"2":0,"3":0},"b":{"0":[0,0],"1":[0,0]},"_coverageSchema":"1a1c01bbd47fc00a2c39e90264f33305004495a9","hash":"cf0a9784d9822d4b8566b89eceb16ffd54c7795d"}
,"/home/yanlin/hackreactor/Project-Atelier/client/src/components/QnAcomponents/AddQuestionForm.jsx": {"path":"/home/yanlin/hackreactor/Project-Atelier/client/src/components/QnAcomponents/AddQuestionForm.jsx","statementMap":{"0":{"start":{"line":6,"column":4},"end":{"line":6,"column":17}},"1":{"start":{"line":7,"column":4},"end":{"line":12,"column":6}},"2":{"start":{"line":13,"column":4},"end":{"line":13,"column":63}},"3":{"start":{"line":14,"column":4},"end":{"line":14,"column":53}},"4":{"start":{"line":15,"column":4},"end":{"line":15,"column":61}},"5":{"start":{"line":19,"column":19},"end":{"line":19,"column":31}},"6":{"start":{"line":20,"column":18},"end":{"line":20,"column":30}},"7":{"start":{"line":21,"column":17},"end":{"line":21,"column":28}},"8":{"start":{"line":22,"column":4},"end":{"line":24,"column":7}},"9":{"start":{"line":28,"column":4},"end":{"line":28,"column":27}},"10":{"start":{"line":29,"column":20},"end":{"line":29,"column":40}},"11":{"start":{"line":30,"column":15},"end":{"line":30,"column":38}},"12":{"start":{"line":31,"column":19},"end":{"line":31,"column":38}},"13":{"start":{"line":32,"column":16},"end":{"line":32,"column":32}},"14":{"start":{"line":33,"column":27},"end":{"line":33,"column":71}},"15":{"start":{"line":35,"column":4},"end":{"line":51,"column":5}},"16":{"start":{"line":36,"column":6},"end":{"line":38,"column":9}},"17":{"start":{"line":40,"column":16},"end":{"line":40,"column":58}},"18":{"start":{"line":41,"column":6},"end":{"line":48,"column":11}},"19":{"start":{"line":44,"column":10},"end":{"line":44,"column":52}},"20":{"start":{"line":47,"column":10},"end":{"line":47,"column":29}},"21":{"start":{"line":50,"column":6},"end":{"line":50,"column":42}},"22":{"start":{"line":54,"column":4},"end":{"line":62,"column":5}},"23":{"start":{"line":55,"column":6},"end":{"line":55,"column":19}},"24":{"start":{"line":56,"column":11},"end":{"line":62,"column":5}},"25":{"start":{"line":57,"column":6},"end":{"line":57,"column":19}},"26":{"start":{"line":58,"column":11},"end":{"line":62,"column":5}},"27":{"start":{"line":59,"column":6},"end":{"line":59,"column":19}},"28":{"start":{"line":61,"column":6},"end":{"line":61,"column":18}},"29":{"start":{"line":67,"column":4},"end":{"line":114,"column":6}},"30":{"start":{"line":111,"column":62},"end":{"line":111,"column":82}}},"fnMap":{"0":{"name":"(anonymous_0)","decl":{"start":{"line":5,"column":2},"end":{"line":5,"column":3}},"loc":{"start":{"line":5,"column":21},"end":{"line":16,"column":3}},"line":5},"1":{"name":"(anonymous_1)","decl":{"start":{"line":18,"column":2},"end":{"line":18,"column":3}},"loc":{"start":{"line":18,"column":27},"end":{"line":25,"column":3}},"line":18},"2":{"name":"(anonymous_2)","decl":{"start":{"line":27,"column":2},"end":{"line":27,"column":3}},"loc":{"start":{"line":27,"column":22},"end":{"line":52,"column":3}},"line":27},"3":{"name":"(anonymous_3)","decl":{"start":{"line":42,"column":14},"end":{"line":42,"column":15}},"loc":{"start":{"line":42,"column":28},"end":{"line":45,"column":9}},"line":42},"4":{"name":"(anonymous_4)","decl":{"start":{"line":46,"column":15},"end":{"line":46,"column":16}},"loc":{"start":{"line":46,"column":32},"end":{"line":48,"column":9}},"line":46},"5":{"name":"(anonymous_5)","decl":{"start":{"line":53,"column":2},"end":{"line":53,"column":3}},"loc":{"start":{"line":53,"column":42},"end":{"line":63,"column":3}},"line":53},"6":{"name":"(anonymous_6)","decl":{"start":{"line":66,"column":2},"end":{"line":66,"column":3}},"loc":{"start":{"line":66,"column":11},"end":{"line":115,"column":3}},"line":66},"7":{"name":"(anonymous_7)","decl":{"start":{"line":111,"column":57},"end":{"line":111,"column":58}},"loc":{"start":{"line":111,"column":62},"end":{"line":111,"column":82}},"line":111}},"branchMap":{"0":{"loc":{"start":{"line":35,"column":4},"end":{"line":51,"column":5}},"type":"if","locations":[{"start":{"line":35,"column":4},"end":{"line":51,"column":5}},{"start":{"line":49,"column":11},"end":{"line":51,"column":5}}],"line":35},"1":{"loc":{"start":{"line":54,"column":4},"end":{"line":62,"column":5}},"type":"if","locations":[{"start":{"line":54,"column":4},"end":{"line":62,"column":5}},{"start":{"line":56,"column":11},"end":{"line":62,"column":5}}],"line":54},"2":{"loc":{"start":{"line":56,"column":11},"end":{"line":62,"column":5}},"type":"if","locations":[{"start":{"line":56,"column":11},"end":{"line":62,"column":5}},{"start":{"line":58,"column":11},"end":{"line":62,"column":5}}],"line":56},"3":{"loc":{"start":{"line":58,"column":11},"end":{"line":62,"column":5}},"type":"if","locations":[{"start":{"line":58,"column":11},"end":{"line":62,"column":5}},{"start":{"line":60,"column":11},"end":{"line":62,"column":5}}],"line":58}},"s":{"0":0,"1":0,"2":0,"3":0,"4":0,"5":0,"6":0,"7":0,"8":0,"9":0,"10":0,"11":0,"12":0,"13":0,"14":0,"15":0,"16":0,"17":0,"18":0,"19":0,"20":0,"21":0,"22":0,"23":0,"24":0,"25":0,"26":0,"27":0,"28":0,"29":0,"30":0},"f":{"0":0,"1":0,"2":0,"3":0,"4":0,"5":0,"6":0,"7":0},"b":{"0":[0,0],"1":[0,0],"2":[0,0],"3":[0,0]},"_coverageSchema":"1a1c01bbd47fc00a2c39e90264f33305004495a9","hash":"91fcce828ac1039fa81161c12ba6ba52fac33912"}
,"/home/yanlin/hackreactor/Project-Atelier/client/src/components/QnAcomponents/AnswersList.jsx": {"path":"/home/yanlin/hackreactor/Project-Atelier/client/src/components/QnAcomponents/AnswersList.jsx","statementMap":{"0":{"start":{"line":4,"column":20},"end":{"line":24,"column":1}},"1":{"start":{"line":5,"column":13},"end":{"line":5,"column":15}},"2":{"start":{"line":6,"column":2},"end":{"line":6,"column":25}},"3":{"start":{"line":7,"column":2},"end":{"line":9,"column":6}},"4":{"start":{"line":8,"column":4},"end":{"line":8,"column":41}},"5":{"start":{"line":11,"column":2},"end":{"line":23,"column":4}},"6":{"start":{"line":15,"column":8},"end":{"line":20,"column":38}}},"fnMap":{"0":{"name":"(anonymous_0)","decl":{"start":{"line":4,"column":20},"end":{"line":4,"column":21}},"loc":{"start":{"line":4,"column":31},"end":{"line":24,"column":1}},"line":4},"1":{"name":"(anonymous_1)","decl":{"start":{"line":7,"column":13},"end":{"line":7,"column":14}},"loc":{"start":{"line":7,"column":23},"end":{"line":9,"column":3}},"line":7},"2":{"name":"(anonymous_2)","decl":{"start":{"line":14,"column":16},"end":{"line":14,"column":17}},"loc":{"start":{"line":14,"column":33},"end":{"line":21,"column":7}},"line":14}},"branchMap":{},"s":{"0":1,"1":0,"2":0,"3":0,"4":0,"5":0,"6":0},"f":{"0":0,"1":0,"2":0},"b":{},"_coverageSchema":"1a1c01bbd47fc00a2c39e90264f33305004495a9","hash":"9c010f88c5517bbc7d1c6f7f4e2c7de0e60aca02"}
,"/home/yanlin/hackreactor/Project-Atelier/client/src/components/QnAcomponents/MoreAnsweredQuestions.jsx": {"path":"/home/yanlin/hackreactor/Project-Atelier/client/src/components/QnAcomponents/MoreAnsweredQuestions.jsx","statementMap":{"0":{"start":{"line":3,"column":30},"end":{"line":8,"column":1}},"1":{"start":{"line":5,"column":2},"end":{"line":7,"column":4}},"2":{"start":{"line":6,"column":72},"end":{"line":6,"column":85}}},"fnMap":{"0":{"name":"(anonymous_0)","decl":{"start":{"line":3,"column":30},"end":{"line":3,"column":31}},"loc":{"start":{"line":3,"column":41},"end":{"line":8,"column":1}},"line":3},"1":{"name":"(anonymous_1)","decl":{"start":{"line":6,"column":66},"end":{"line":6,"column":67}},"loc":{"start":{"line":6,"column":72},"end":{"line":6,"column":85}},"line":6}},"branchMap":{},"s":{"0":1,"1":0,"2":0},"f":{"0":0,"1":0},"b":{},"_coverageSchema":"1a1c01bbd47fc00a2c39e90264f33305004495a9","hash":"a03d162f5b8cf2b5b320b56881b2706d5cda219b"}
,"/home/yanlin/hackreactor/Project-Atelier/client/src/components/QnAcomponents/QuestionsList.jsx": {"path":"/home/yanlin/hackreactor/Project-Atelier/client/src/components/QnAcomponents/QuestionsList.jsx","statementMap":{"0":{"start":{"line":6,"column":4},"end":{"line":6,"column":17}},"1":{"start":{"line":10,"column":4},"end":{"line":22,"column":6}},"2":{"start":{"line":13,"column":10},"end":{"line":19,"column":13}}},"fnMap":{"0":{"name":"(anonymous_0)","decl":{"start":{"line":5,"column":2},"end":{"line":5,"column":3}},"loc":{"start":{"line":5,"column":21},"end":{"line":7,"column":3}},"line":5},"1":{"name":"(anonymous_1)","decl":{"start":{"line":9,"column":2},"end":{"line":9,"column":3}},"loc":{"start":{"line":9,"column":11},"end":{"line":23,"column":3}},"line":9},"2":{"name":"(anonymous_2)","decl":{"start":{"line":12,"column":29},"end":{"line":12,"column":30}},"loc":{"start":{"line":12,"column":47},"end":{"line":20,"column":9}},"line":12}},"branchMap":{},"s":{"0":0,"1":0,"2":0},"f":{"0":0,"1":0,"2":0},"b":{},"_coverageSchema":"1a1c01bbd47fc00a2c39e90264f33305004495a9","hash":"f3d2aea10892741a0489218e66d55249e9250caf"}
,"/home/yanlin/hackreactor/Project-Atelier/client/src/components/QnAcomponents/QuestionsListItem.jsx": {"path":"/home/yanlin/hackreactor/Project-Atelier/client/src/components/QnAcomponents/QuestionsListItem.jsx","statementMap":{"0":{"start":{"line":9,"column":4},"end":{"line":9,"column":17}},"1":{"start":{"line":10,"column":4},"end":{"line":15,"column":6}},"2":{"start":{"line":16,"column":4},"end":{"line":16,"column":65}},"3":{"start":{"line":17,"column":4},"end":{"line":17,"column":69}},"4":{"start":{"line":18,"column":4},"end":{"line":18,"column":57}},"5":{"start":{"line":19,"column":4},"end":{"line":19,"column":59}},"6":{"start":{"line":23,"column":24},"end":{"line":23,"column":66}},"7":{"start":{"line":24,"column":4},"end":{"line":28,"column":5}},"8":{"start":{"line":25,"column":6},"end":{"line":27,"column":9}},"9":{"start":{"line":29,"column":4},"end":{"line":29,"column":46}},"10":{"start":{"line":30,"column":4},"end":{"line":32,"column":7}},"11":{"start":{"line":36,"column":24},"end":{"line":36,"column":66}},"12":{"start":{"line":37,"column":4},"end":{"line":40,"column":7}},"13":{"start":{"line":44,"column":4},"end":{"line":46,"column":7}},"14":{"start":{"line":50,"column":4},"end":{"line":52,"column":7}},"15":{"start":{"line":56,"column":21},"end":{"line":56,"column":52}},"16":{"start":{"line":57,"column":20},"end":{"line":57,"column":40}},"17":{"start":{"line":60,"column":4},"end":{"line":74,"column":5}},"18":{"start":{"line":61,"column":16},"end":{"line":61,"column":62}},"19":{"start":{"line":62,"column":6},"end":{"line":71,"column":11}},"20":{"start":{"line":64,"column":10},"end":{"line":66,"column":13}},"21":{"start":{"line":67,"column":10},"end":{"line":67,"column":51}},"22":{"start":{"line":70,"column":10},"end":{"line":70,"column":29}},"23":{"start":{"line":73,"column":6},"end":{"line":73,"column":56}},"24":{"start":{"line":83,"column":4},"end":{"line":95,"column":5}},"25":{"start":{"line":84,"column":6},"end":{"line":84,"column":100}},"26":{"start":{"line":84,"column":43},"end":{"line":84,"column":69}},"27":{"start":{"line":85,"column":6},"end":{"line":88,"column":38}},"28":{"start":{"line":90,"column":6},"end":{"line":90,"column":32}},"29":{"start":{"line":91,"column":6},"end":{"line":94,"column":38}},"30":{"start":{"line":97,"column":4},"end":{"line":108,"column":5}},"31":{"start":{"line":98,"column":6},"end":{"line":105,"column":9}},"32":{"start":{"line":107,"column":6},"end":{"line":107,"column":36}},"33":{"start":{"line":110,"column":4},"end":{"line":133,"column":6}},"34":{"start":{"line":117,"column":67},"end":{"line":117,"column":89}},"35":{"start":{"line":118,"column":70},"end":{"line":118,"column":97}}},"fnMap":{"0":{"name":"(anonymous_0)","decl":{"start":{"line":8,"column":2},"end":{"line":8,"column":3}},"loc":{"start":{"line":8,"column":21},"end":{"line":20,"column":3}},"line":8},"1":{"name":"(anonymous_1)","decl":{"start":{"line":22,"column":2},"end":{"line":22,"column":3}},"loc":{"start":{"line":22,"column":22},"end":{"line":33,"column":3}},"line":22},"2":{"name":"(anonymous_2)","decl":{"start":{"line":35,"column":2},"end":{"line":35,"column":3}},"loc":{"start":{"line":35,"column":23},"end":{"line":41,"column":3}},"line":35},"3":{"name":"(anonymous_3)","decl":{"start":{"line":43,"column":2},"end":{"line":43,"column":3}},"loc":{"start":{"line":43,"column":25},"end":{"line":47,"column":3}},"line":43},"4":{"name":"(anonymous_4)","decl":{"start":{"line":49,"column":2},"end":{"line":49,"column":3}},"loc":{"start":{"line":49,"column":20},"end":{"line":53,"column":3}},"line":49},"5":{"name":"(anonymous_5)","decl":{"start":{"line":55,"column":2},"end":{"line":55,"column":3}},"loc":{"start":{"line":55,"column":19},"end":{"line":76,"column":3}},"line":55},"6":{"name":"(anonymous_6)","decl":{"start":{"line":63,"column":14},"end":{"line":63,"column":15}},"loc":{"start":{"line":63,"column":28},"end":{"line":68,"column":9}},"line":63},"7":{"name":"(anonymous_7)","decl":{"start":{"line":69,"column":15},"end":{"line":69,"column":16}},"loc":{"start":{"line":69,"column":32},"end":{"line":71,"column":9}},"line":69},"8":{"name":"(anonymous_8)","decl":{"start":{"line":78,"column":2},"end":{"line":78,"column":3}},"loc":{"start":{"line":78,"column":11},"end":{"line":136,"column":3}},"line":78},"9":{"name":"(anonymous_9)","decl":{"start":{"line":84,"column":37},"end":{"line":84,"column":38}},"loc":{"start":{"line":84,"column":41},"end":{"line":84,"column":71}},"line":84},"10":{"name":"(anonymous_10)","decl":{"start":{"line":117,"column":61},"end":{"line":117,"column":62}},"loc":{"start":{"line":117,"column":65},"end":{"line":117,"column":91}},"line":117},"11":{"name":"(anonymous_11)","decl":{"start":{"line":118,"column":66},"end":{"line":118,"column":67}},"loc":{"start":{"line":118,"column":70},"end":{"line":118,"column":97}},"line":118}},"branchMap":{"0":{"loc":{"start":{"line":24,"column":4},"end":{"line":28,"column":5}},"type":"if","locations":[{"start":{"line":24,"column":4},"end":{"line":28,"column":5}},{"start":{},"end":{}}],"line":24},"1":{"loc":{"start":{"line":60,"column":4},"end":{"line":74,"column":5}},"type":"if","locations":[{"start":{"line":60,"column":4},"end":{"line":74,"column":5}},{"start":{"line":72,"column":11},"end":{"line":74,"column":5}}],"line":60},"2":{"loc":{"start":{"line":83,"column":4},"end":{"line":95,"column":5}},"type":"if","locations":[{"start":{"line":83,"column":4},"end":{"line":95,"column":5}},{"start":{"line":89,"column":11},"end":{"line":95,"column":5}}],"line":83},"3":{"loc":{"start":{"line":97,"column":4},"end":{"line":108,"column":5}},"type":"if","locations":[{"start":{"line":97,"column":4},"end":{"line":108,"column":5}},{"start":{"line":106,"column":11},"end":{"line":108,"column":5}}],"line":97}},"s":{"0":0,"1":0,"2":0,"3":0,"4":0,"5":0,"6":0,"7":0,"8":0,"9":0,"10":0,"11":0,"12":0,"13":0,"14":0,"15":0,"16":0,"17":0,"18":0,"19":0,"20":0,"21":0,"22":0,"23":0,"24":0,"25":0,"26":0,"27":0,"28":0,"29":0,"30":0,"31":0,"32":0,"33":0,"34":0,"35":0},"f":{"0":0,"1":0,"2":0,"3":0,"4":0,"5":0,"6":0,"7":0,"8":0,"9":0,"10":0,"11":0},"b":{"0":[0,0],"1":[0,0],"2":[0,0],"3":[0,0]},"_coverageSchema":"1a1c01bbd47fc00a2c39e90264f33305004495a9","hash":"ed5664bd7044f612e4bcaa1553ffcc01732a658d"}
,"/home/yanlin/hackreactor/Project-Atelier/client/src/components/QnAcomponents/QuestionsListItemAnswer.jsx": {"path":"/home/yanlin/hackreactor/Project-Atelier/client/src/components/QnAcomponents/QuestionsListItemAnswer.jsx","statementMap":{"0":{"start":{"line":6,"column":4},"end":{"line":6,"column":17}},"1":{"start":{"line":7,"column":4},"end":{"line":10,"column":6}},"2":{"start":{"line":12,"column":4},"end":{"line":12,"column":49}},"3":{"start":{"line":13,"column":4},"end":{"line":13,"column":53}},"4":{"start":{"line":17,"column":19},"end":{"line":17,"column":39}},"5":{"start":{"line":18,"column":20},"end":{"line":18,"column":40}},"6":{"start":{"line":21,"column":4},"end":{"line":35,"column":5}},"7":{"start":{"line":22,"column":16},"end":{"line":22,"column":60}},"8":{"start":{"line":23,"column":6},"end":{"line":32,"column":11}},"9":{"start":{"line":25,"column":10},"end":{"line":25,"column":51}},"10":{"start":{"line":26,"column":10},"end":{"line":28,"column":13}},"11":{"start":{"line":31,"column":10},"end":{"line":31,"column":29}},"12":{"start":{"line":34,"column":6},"end":{"line":34,"column":55}},"13":{"start":{"line":39,"column":19},"end":{"line":39,"column":39}},"14":{"start":{"line":40,"column":20},"end":{"line":40,"column":40}},"15":{"start":{"line":42,"column":4},"end":{"line":58,"column":5}},"16":{"start":{"line":44,"column":16},"end":{"line":44,"column":56}},"17":{"start":{"line":45,"column":6},"end":{"line":55,"column":11}},"18":{"start":{"line":47,"column":10},"end":{"line":47,"column":59}},"19":{"start":{"line":49,"column":10},"end":{"line":51,"column":13}},"20":{"start":{"line":54,"column":10},"end":{"line":54,"column":29}},"21":{"start":{"line":57,"column":6},"end":{"line":57,"column":52}},"22":{"start":{"line":64,"column":4},"end":{"line":68,"column":5}},"23":{"start":{"line":65,"column":6},"end":{"line":65,"column":35}},"24":{"start":{"line":67,"column":6},"end":{"line":67,"column":33}},"25":{"start":{"line":69,"column":4},"end":{"line":78,"column":6}},"26":{"start":{"line":75,"column":63},"end":{"line":75,"column":81}},"27":{"start":{"line":76,"column":67},"end":{"line":76,"column":87}}},"fnMap":{"0":{"name":"(anonymous_0)","decl":{"start":{"line":5,"column":2},"end":{"line":5,"column":3}},"loc":{"start":{"line":5,"column":21},"end":{"line":14,"column":3}},"line":5},"1":{"name":"(anonymous_1)","decl":{"start":{"line":16,"column":2},"end":{"line":16,"column":3}},"loc":{"start":{"line":16,"column":15},"end":{"line":36,"column":3}},"line":16},"2":{"name":"(anonymous_2)","decl":{"start":{"line":24,"column":14},"end":{"line":24,"column":15}},"loc":{"start":{"line":24,"column":28},"end":{"line":29,"column":9}},"line":24},"3":{"name":"(anonymous_3)","decl":{"start":{"line":30,"column":15},"end":{"line":30,"column":16}},"loc":{"start":{"line":30,"column":32},"end":{"line":32,"column":9}},"line":30},"4":{"name":"(anonymous_4)","decl":{"start":{"line":38,"column":2},"end":{"line":38,"column":3}},"loc":{"start":{"line":38,"column":17},"end":{"line":60,"column":3}},"line":38},"5":{"name":"(anonymous_5)","decl":{"start":{"line":46,"column":14},"end":{"line":46,"column":15}},"loc":{"start":{"line":46,"column":28},"end":{"line":52,"column":9}},"line":46},"6":{"name":"(anonymous_6)","decl":{"start":{"line":53,"column":15},"end":{"line":53,"column":16}},"loc":{"start":{"line":53,"column":32},"end":{"line":55,"column":9}},"line":53},"7":{"name":"(anonymous_7)","decl":{"start":{"line":62,"column":2},"end":{"line":62,"column":3}},"loc":{"start":{"line":62,"column":11},"end":{"line":79,"column":3}},"line":62},"8":{"name":"(anonymous_8)","decl":{"start":{"line":75,"column":57},"end":{"line":75,"column":58}},"loc":{"start":{"line":75,"column":61},"end":{"line":75,"column":83}},"line":75},"9":{"name":"(anonymous_9)","decl":{"start":{"line":76,"column":60},"end":{"line":76,"column":61}},"loc":{"start":{"line":76,"column":65},"end":{"line":76,"column":89}},"line":76}},"branchMap":{"0":{"loc":{"start":{"line":21,"column":4},"end":{"line":35,"column":5}},"type":"if","locations":[{"start":{"line":21,"column":4},"end":{"line":35,"column":5}},{"start":{"line":33,"column":11},"end":{"line":35,"column":5}}],"line":21},"1":{"loc":{"start":{"line":42,"column":4},"end":{"line":58,"column":5}},"type":"if","locations":[{"start":{"line":42,"column":4},"end":{"line":58,"column":5}},{"start":{"line":56,"column":11},"end":{"line":58,"column":5}}],"line":42},"2":{"loc":{"start":{"line":64,"column":4},"end":{"line":68,"column":5}},"type":"if","locations":[{"start":{"line":64,"column":4},"end":{"line":68,"column":5}},{"start":{"line":66,"column":11},"end":{"line":68,"column":5}}],"line":64}},"s":{"0":0,"1":0,"2":0,"3":0,"4":0,"5":0,"6":0,"7":0,"8":0,"9":0,"10":0,"11":0,"12":0,"13":0,"14":0,"15":0,"16":0,"17":0,"18":0,"19":0,"20":0,"21":0,"22":0,"23":0,"24":0,"25":0,"26":0,"27":0},"f":{"0":0,"1":0,"2":0,"3":0,"4":0,"5":0,"6":0,"7":0,"8":0,"9":0},"b":{"0":[0,0],"1":[0,0],"2":[0,0]},"_coverageSchema":"1a1c01bbd47fc00a2c39e90264f33305004495a9","hash":"15b64b2aabd3a27842f29ed1d7c6c9827536a309"}
,"/home/yanlin/hackreactor/Project-Atelier/client/src/components/QnAcomponents/SearchQuestions.jsx": {"path":"/home/yanlin/hackreactor/Project-Atelier/client/src/components/QnAcomponents/SearchQuestions.jsx","statementMap":{"0":{"start":{"line":5,"column":4},"end":{"line":5,"column":17}},"1":{"start":{"line":7,"column":4},"end":{"line":7,"column":63}},"2":{"start":{"line":11,"column":16},"end":{"line":11,"column":34}},"3":{"start":{"line":12,"column":4},"end":{"line":16,"column":5}},"4":{"start":{"line":13,"column":6},"end":{"line":13,"column":37}},"5":{"start":{"line":15,"column":6},"end":{"line":15,"column":38}},"6":{"start":{"line":22,"column":4},"end":{"line":30,"column":6}},"7":{"start":{"line":28,"column":25},"end":{"line":28,"column":50}}},"fnMap":{"0":{"name":"(anonymous_0)","decl":{"start":{"line":4,"column":2},"end":{"line":4,"column":3}},"loc":{"start":{"line":4,"column":21},"end":{"line":8,"column":3}},"line":4},"1":{"name":"(anonymous_1)","decl":{"start":{"line":10,"column":2},"end":{"line":10,"column":3}},"loc":{"start":{"line":10,"column":27},"end":{"line":19,"column":3}},"line":10},"2":{"name":"(anonymous_2)","decl":{"start":{"line":21,"column":2},"end":{"line":21,"column":3}},"loc":{"start":{"line":21,"column":11},"end":{"line":31,"column":3}},"line":21},"3":{"name":"(anonymous_3)","decl":{"start":{"line":28,"column":20},"end":{"line":28,"column":21}},"loc":{"start":{"line":28,"column":25},"end":{"line":28,"column":50}},"line":28}},"branchMap":{"0":{"loc":{"start":{"line":12,"column":4},"end":{"line":16,"column":5}},"type":"if","locations":[{"start":{"line":12,"column":4},"end":{"line":16,"column":5}},{"start":{"line":14,"column":11},"end":{"line":16,"column":5}}],"line":12}},"s":{"0":0,"1":0,"2":0,"3":0,"4":0,"5":0,"6":0,"7":0},"f":{"0":0,"1":0,"2":0,"3":0},"b":{"0":[0,0]},"_coverageSchema":"1a1c01bbd47fc00a2c39e90264f33305004495a9","hash":"b5e07d5c43215f70f6450b144c01247702513060"}
,"/home/yanlin/hackreactor/Project-Atelier/client/src/components/QnAcomponents/mainQnA.jsx": {"path":"/home/yanlin/hackreactor/Project-Atelier/client/src/components/QnAcomponents/mainQnA.jsx","statementMap":{"0":{"start":{"line":11,"column":4},"end":{"line":11,"column":17}},"1":{"start":{"line":12,"column":4},"end":{"line":16,"column":6}},"2":{"start":{"line":17,"column":4},"end":{"line":17,"column":63}},"3":{"start":{"line":18,"column":4},"end":{"line":18,"column":41}},"4":{"start":{"line":19,"column":4},"end":{"line":19,"column":65}},"5":{"start":{"line":23,"column":20},"end":{"line":23,"column":40}},"6":{"start":{"line":25,"column":14},"end":{"line":25,"column":56}},"7":{"start":{"line":26,"column":4},"end":{"line":34,"column":9}},"8":{"start":{"line":28,"column":8},"end":{"line":30,"column":11}},"9":{"start":{"line":33,"column":8},"end":{"line":33,"column":27}},"10":{"start":{"line":36,"column":14},"end":{"line":36,"column":58}},"11":{"start":{"line":37,"column":4},"end":{"line":53,"column":9}},"12":{"start":{"line":39,"column":8},"end":{"line":39,"column":70}},"13":{"start":{"line":40,"column":30},"end":{"line":40,"column":51}},"14":{"start":{"line":41,"column":8},"end":{"line":45,"column":9}},"15":{"start":{"line":42,"column":10},"end":{"line":44,"column":13}},"16":{"start":{"line":46,"column":8},"end":{"line":46,"column":54}},"17":{"start":{"line":47,"column":8},"end":{"line":49,"column":11}},"18":{"start":{"line":52,"column":8},"end":{"line":52,"column":27}},"19":{"start":{"line":58,"column":14},"end":{"line":58,"column":58}},"20":{"start":{"line":59,"column":4},"end":{"line":68,"column":9}},"21":{"start":{"line":61,"column":8},"end":{"line":64,"column":11}},"22":{"start":{"line":67,"column":8},"end":{"line":67,"column":27}},"23":{"start":{"line":72,"column":4},"end":{"line":74,"column":7}},"24":{"start":{"line":78,"column":20},"end":{"line":78,"column":40}},"25":{"start":{"line":81,"column":14},"end":{"line":81,"column":58}},"26":{"start":{"line":82,"column":4},"end":{"line":111,"column":9}},"27":{"start":{"line":84,"column":8},"end":{"line":107,"column":9}},"28":{"start":{"line":85,"column":10},"end":{"line":85,"column":38}},"29":{"start":{"line":86,"column":10},"end":{"line":86,"column":47}},"30":{"start":{"line":87,"column":26},"end":{"line":87,"column":47}},"31":{"start":{"line":88,"column":27},"end":{"line":88,"column":101}},"32":{"start":{"line":88,"column":52},"end":{"line":88,"column":100}},"33":{"start":{"line":89,"column":10},"end":{"line":89,"column":44}},"34":{"start":{"line":91,"column":10},"end":{"line":93,"column":13}},"35":{"start":{"line":95,"column":10},"end":{"line":95,"column":40}},"36":{"start":{"line":97,"column":32},"end":{"line":97,"column":53}},"37":{"start":{"line":98,"column":10},"end":{"line":102,"column":11}},"38":{"start":{"line":99,"column":12},"end":{"line":101,"column":15}},"39":{"start":{"line":103,"column":10},"end":{"line":103,"column":56}},"40":{"start":{"line":104,"column":10},"end":{"line":106,"column":13}},"41":{"start":{"line":110,"column":8},"end":{"line":110,"column":27}},"42":{"start":{"line":116,"column":4},"end":{"line":120,"column":5}},"43":{"start":{"line":117,"column":6},"end":{"line":117,"column":86}},"44":{"start":{"line":119,"column":6},"end":{"line":119,"column":42}},"45":{"start":{"line":121,"column":4},"end":{"line":132,"column":6}}},"fnMap":{"0":{"name":"(anonymous_0)","decl":{"start":{"line":10,"column":2},"end":{"line":10,"column":3}},"loc":{"start":{"line":10,"column":21},"end":{"line":20,"column":3}},"line":10},"1":{"name":"(anonymous_1)","decl":{"start":{"line":22,"column":2},"end":{"line":22,"column":3}},"loc":{"start":{"line":22,"column":22},"end":{"line":54,"column":3}},"line":22},"2":{"name":"(anonymous_2)","decl":{"start":{"line":27,"column":12},"end":{"line":27,"column":13}},"loc":{"start":{"line":27,"column":26},"end":{"line":31,"column":7}},"line":27},"3":{"name":"(anonymous_3)","decl":{"start":{"line":32,"column":13},"end":{"line":32,"column":14}},"loc":{"start":{"line":32,"column":30},"end":{"line":34,"column":7}},"line":32},"4":{"name":"(anonymous_4)","decl":{"start":{"line":38,"column":12},"end":{"line":38,"column":13}},"loc":{"start":{"line":38,"column":26},"end":{"line":50,"column":7}},"line":38},"5":{"name":"(anonymous_5)","decl":{"start":{"line":51,"column":13},"end":{"line":51,"column":14}},"loc":{"start":{"line":51,"column":30},"end":{"line":53,"column":7}},"line":51},"6":{"name":"(anonymous_6)","decl":{"start":{"line":56,"column":2},"end":{"line":56,"column":3}},"loc":{"start":{"line":56,"column":22},"end":{"line":69,"column":3}},"line":56},"7":{"name":"(anonymous_7)","decl":{"start":{"line":60,"column":12},"end":{"line":60,"column":13}},"loc":{"start":{"line":60,"column":26},"end":{"line":65,"column":7}},"line":60},"8":{"name":"(anonymous_8)","decl":{"start":{"line":66,"column":13},"end":{"line":66,"column":14}},"loc":{"start":{"line":66,"column":30},"end":{"line":68,"column":7}},"line":66},"9":{"name":"(anonymous_9)","decl":{"start":{"line":71,"column":2},"end":{"line":71,"column":3}},"loc":{"start":{"line":71,"column":32},"end":{"line":75,"column":3}},"line":71},"10":{"name":"(anonymous_10)","decl":{"start":{"line":77,"column":2},"end":{"line":77,"column":3}},"loc":{"start":{"line":77,"column":35},"end":{"line":112,"column":3}},"line":77},"11":{"name":"(anonymous_11)","decl":{"start":{"line":83,"column":12},"end":{"line":83,"column":13}},"loc":{"start":{"line":83,"column":26},"end":{"line":108,"column":7}},"line":83},"12":{"name":"(anonymous_12)","decl":{"start":{"line":88,"column":44},"end":{"line":88,"column":45}},"loc":{"start":{"line":88,"column":52},"end":{"line":88,"column":100}},"line":88},"13":{"name":"(anonymous_13)","decl":{"start":{"line":109,"column":13},"end":{"line":109,"column":14}},"loc":{"start":{"line":109,"column":30},"end":{"line":111,"column":7}},"line":109},"14":{"name":"(anonymous_14)","decl":{"start":{"line":114,"column":2},"end":{"line":114,"column":3}},"loc":{"start":{"line":114,"column":11},"end":{"line":133,"column":3}},"line":114}},"branchMap":{"0":{"loc":{"start":{"line":41,"column":8},"end":{"line":45,"column":9}},"type":"if","locations":[{"start":{"line":41,"column":8},"end":{"line":45,"column":9}},{"start":{},"end":{}}],"line":41},"1":{"loc":{"start":{"line":84,"column":8},"end":{"line":107,"column":9}},"type":"if","locations":[{"start":{"line":84,"column":8},"end":{"line":107,"column":9}},{"start":{"line":94,"column":15},"end":{"line":107,"column":9}}],"line":84},"2":{"loc":{"start":{"line":98,"column":10},"end":{"line":102,"column":11}},"type":"if","locations":[{"start":{"line":98,"column":10},"end":{"line":102,"column":11}},{"start":{},"end":{}}],"line":98},"3":{"loc":{"start":{"line":116,"column":4},"end":{"line":120,"column":5}},"type":"if","locations":[{"start":{"line":116,"column":4},"end":{"line":120,"column":5}},{"start":{"line":118,"column":11},"end":{"line":120,"column":5}}],"line":116}},"s":{"0":0,"1":0,"2":0,"3":0,"4":0,"5":0,"6":0,"7":0,"8":0,"9":0,"10":0,"11":0,"12":0,"13":0,"14":0,"15":0,"16":0,"17":0,"18":0,"19":0,"20":0,"21":0,"22":0,"23":0,"24":0,"25":0,"26":0,"27":0,"28":0,"29":0,"30":0,"31":0,"32":0,"33":0,"34":0,"35":0,"36":0,"37":0,"38":0,"39":0,"40":0,"41":0,"42":0,"43":0,"44":0,"45":0},"f":{"0":0,"1":0,"2":0,"3":0,"4":0,"5":0,"6":0,"7":0,"8":0,"9":0,"10":0,"11":0,"12":0,"13":0,"14":0},"b":{"0":[0,0],"1":[0,0],"2":[0,0],"3":[0,0]},"_coverageSchema":"1a1c01bbd47fc00a2c39e90264f33305004495a9","hash":"5854c241ddab3a74a90342311073689bbcfba2db"}
,"/home/yanlin/hackreactor/Project-Atelier/client/src/components/RatingsNReviews/HelpfulButton.jsx": {"path":"/home/yanlin/hackreactor/Project-Atelier/client/src/components/RatingsNReviews/HelpfulButton.jsx","statementMap":{"0":{"start":{"line":4,"column":22},"end":{"line":55,"column":1}},"1":{"start":{"line":5,"column":50},"end":{"line":5,"column":61}},"2":{"start":{"line":6,"column":22},"end":{"line":6,"column":33}},"3":{"start":{"line":7,"column":32},"end":{"line":7,"column":47}},"4":{"start":{"line":9,"column":2},"end":{"line":18,"column":20}},"5":{"start":{"line":10,"column":4},"end":{"line":10,"column":22}},"6":{"start":{"line":11,"column":4},"end":{"line":15,"column":5}},"7":{"start":{"line":12,"column":27},"end":{"line":12,"column":55}},"8":{"start":{"line":13,"column":6},"end":{"line":13,"column":58}},"9":{"start":{"line":14,"column":6},"end":{"line":14,"column":23}},"10":{"start":{"line":16,"column":4},"end":{"line":16,"column":37}},"11":{"start":{"line":17,"column":4},"end":{"line":17,"column":20}},"12":{"start":{"line":21,"column":31},"end":{"line":34,"column":3}},"13":{"start":{"line":22,"column":4},"end":{"line":33,"column":5}},"14":{"start":{"line":23,"column":6},"end":{"line":23,"column":52}},"15":{"start":{"line":24,"column":6},"end":{"line":24,"column":48}},"16":{"start":{"line":25,"column":6},"end":{"line":25,"column":53}},"17":{"start":{"line":26,"column":6},"end":{"line":29,"column":11}},"18":{"start":{"line":28,"column":10},"end":{"line":28,"column":67}},"19":{"start":{"line":31,"column":6},"end":{"line":31,"column":35}},"20":{"start":{"line":32,"column":6},"end":{"line":32,"column":13}},"21":{"start":{"line":35,"column":2},"end":{"line":54,"column":4}}},"fnMap":{"0":{"name":"(anonymous_0)","decl":{"start":{"line":4,"column":22},"end":{"line":4,"column":23}},"loc":{"start":{"line":4,"column":75},"end":{"line":55,"column":1}},"line":4},"1":{"name":"(anonymous_1)","decl":{"start":{"line":9,"column":12},"end":{"line":9,"column":13}},"loc":{"start":{"line":9,"column":16},"end":{"line":18,"column":3}},"line":9},"2":{"name":"(anonymous_2)","decl":{"start":{"line":21,"column":31},"end":{"line":21,"column":32}},"loc":{"start":{"line":21,"column":44},"end":{"line":34,"column":3}},"line":21},"3":{"name":"(anonymous_3)","decl":{"start":{"line":27,"column":15},"end":{"line":27,"column":16}},"loc":{"start":{"line":27,"column":24},"end":{"line":29,"column":9}},"line":27}},"branchMap":{"0":{"loc":{"start":{"line":11,"column":4},"end":{"line":15,"column":5}},"type":"if","locations":[{"start":{"line":11,"column":4},"end":{"line":15,"column":5}},{"start":{},"end":{}}],"line":11},"1":{"loc":{"start":{"line":22,"column":4},"end":{"line":33,"column":5}},"type":"if","locations":[{"start":{"line":22,"column":4},"end":{"line":33,"column":5}},{"start":{"line":30,"column":11},"end":{"line":33,"column":5}}],"line":22},"2":{"loc":{"start":{"line":37,"column":7},"end":{"line":52,"column":14}},"type":"cond-expr","locations":[{"start":{"line":38,"column":8},"end":{"line":44,"column":14}},{"start":{"line":46,"column":8},"end":{"line":52,"column":14}}],"line":37}},"s":{"0":2,"1":80,"2":80,"3":80,"4":80,"5":8,"6":8,"7":0,"8":0,"9":0,"10":8,"11":8,"12":80,"13":0,"14":0,"15":0,"16":0,"17":0,"18":0,"19":0,"20":0,"21":80},"f":{"0":80,"1":8,"2":0,"3":0},"b":{"0":[0,8],"1":[0,0],"2":[0,80]},"_coverageSchema":"1a1c01bbd47fc00a2c39e90264f33305004495a9","hash":"9331dbe3f824a17803786d905e08d5f793b42b8d"}
,"/home/yanlin/hackreactor/Project-Atelier/client/src/components/RatingsNReviews/NewReview.jsx": {"path":"/home/yanlin/hackreactor/Project-Atelier/client/src/components/RatingsNReviews/NewReview.jsx","statementMap":{"0":{"start":{"line":4,"column":18},"end":{"line":584,"column":1}},"1":{"start":{"line":6,"column":30},"end":{"line":14,"column":7}},"2":{"start":{"line":15,"column":36},"end":{"line":23,"column":7}},"3":{"start":{"line":24,"column":38},"end":{"line":32,"column":7}},"4":{"start":{"line":33,"column":38},"end":{"line":41,"column":7}},"5":{"start":{"line":42,"column":34},"end":{"line":50,"column":7}},"6":{"start":{"line":51,"column":32},"end":{"line":59,"column":7}},"7":{"start":{"line":60,"column":30},"end":{"line":68,"column":7}},"8":{"start":{"line":69,"column":28},"end":{"line":69,"column":42}},"9":{"start":{"line":70,"column":44},"end":{"line":70,"column":56}},"10":{"start":{"line":71,"column":38},"end":{"line":71,"column":50}},"11":{"start":{"line":72,"column":40},"end":{"line":72,"column":52}},"12":{"start":{"line":73,"column":30},"end":{"line":73,"column":42}},"13":{"start":{"line":74,"column":35},"end":{"line":74,"column":47}},"14":{"start":{"line":75,"column":29},"end":{"line":75,"column":41}},"15":{"start":{"line":76,"column":40},"end":{"line":76,"column":52}},"16":{"start":{"line":77,"column":40},"end":{"line":77,"column":52}},"17":{"start":{"line":78,"column":36},"end":{"line":78,"column":48}},"18":{"start":{"line":79,"column":46},"end":{"line":79,"column":58}},"19":{"start":{"line":80,"column":34},"end":{"line":80,"column":46}},"20":{"start":{"line":81,"column":44},"end":{"line":81,"column":56}},"21":{"start":{"line":82,"column":40},"end":{"line":82,"column":52}},"22":{"start":{"line":84,"column":21},"end":{"line":115,"column":3}},"23":{"start":{"line":85,"column":15},"end":{"line":85,"column":19}},"24":{"start":{"line":86,"column":4},"end":{"line":90,"column":5}},"25":{"start":{"line":87,"column":6},"end":{"line":87,"column":31}},"26":{"start":{"line":88,"column":6},"end":{"line":88,"column":19}},"27":{"start":{"line":89,"column":6},"end":{"line":89,"column":50}},"28":{"start":{"line":91,"column":4},"end":{"line":94,"column":5}},"29":{"start":{"line":92,"column":6},"end":{"line":92,"column":19}},"30":{"start":{"line":93,"column":6},"end":{"line":93,"column":63}},"31":{"start":{"line":95,"column":4},"end":{"line":98,"column":5}},"32":{"start":{"line":96,"column":6},"end":{"line":96,"column":19}},"33":{"start":{"line":97,"column":6},"end":{"line":97,"column":80}},"34":{"start":{"line":99,"column":4},"end":{"line":102,"column":5}},"35":{"start":{"line":100,"column":6},"end":{"line":100,"column":19}},"36":{"start":{"line":101,"column":6},"end":{"line":101,"column":81}},"37":{"start":{"line":103,"column":4},"end":{"line":106,"column":5}},"38":{"start":{"line":104,"column":6},"end":{"line":104,"column":19}},"39":{"start":{"line":105,"column":6},"end":{"line":105,"column":69}},"40":{"start":{"line":107,"column":4},"end":{"line":110,"column":5}},"41":{"start":{"line":108,"column":6},"end":{"line":108,"column":19}},"42":{"start":{"line":109,"column":6},"end":{"line":109,"column":45}},"43":{"start":{"line":111,"column":4},"end":{"line":113,"column":5}},"44":{"start":{"line":112,"column":6},"end":{"line":112,"column":19}},"45":{"start":{"line":114,"column":4},"end":{"line":114,"column":16}},"46":{"start":{"line":117,"column":26},"end":{"line":126,"column":3}},"47":{"start":{"line":118,"column":23},"end":{"line":118,"column":25}},"48":{"start":{"line":119,"column":15},"end":{"line":119,"column":19}},"49":{"start":{"line":120,"column":4},"end":{"line":123,"column":5}},"50":{"start":{"line":121,"column":6},"end":{"line":121,"column":81}},"51":{"start":{"line":122,"column":6},"end":{"line":122,"column":19}},"52":{"start":{"line":124,"column":4},"end":{"line":124,"column":31}},"53":{"start":{"line":125,"column":4},"end":{"line":125,"column":16}},"54":{"start":{"line":127,"column":25},"end":{"line":139,"column":3}},"55":{"start":{"line":128,"column":15},"end":{"line":128,"column":19}},"56":{"start":{"line":129,"column":21},"end":{"line":129,"column":23}},"57":{"start":{"line":130,"column":4},"end":{"line":136,"column":5}},"58":{"start":{"line":131,"column":21},"end":{"line":131,"column":54}},"59":{"start":{"line":132,"column":6},"end":{"line":135,"column":7}},"60":{"start":{"line":133,"column":8},"end":{"line":133,"column":21}},"61":{"start":{"line":134,"column":8},"end":{"line":134,"column":80}},"62":{"start":{"line":137,"column":4},"end":{"line":137,"column":31}},"63":{"start":{"line":138,"column":4},"end":{"line":138,"column":16}},"64":{"start":{"line":140,"column":21},"end":{"line":168,"column":3}},"65":{"start":{"line":141,"column":4},"end":{"line":166,"column":5}},"66":{"start":{"line":142,"column":6},"end":{"line":142,"column":36}},"67":{"start":{"line":143,"column":6},"end":{"line":165,"column":11}},"68":{"start":{"line":160,"column":10},"end":{"line":160,"column":26}},"69":{"start":{"line":161,"column":10},"end":{"line":161,"column":36}},"70":{"start":{"line":164,"column":10},"end":{"line":164,"column":60}},"71":{"start":{"line":167,"column":4},"end":{"line":167,"column":11}},"72":{"start":{"line":169,"column":23},"end":{"line":174,"column":3}},"73":{"start":{"line":170,"column":4},"end":{"line":172,"column":5}},"74":{"start":{"line":171,"column":6},"end":{"line":171,"column":37}},"75":{"start":{"line":173,"column":4},"end":{"line":173,"column":11}},"76":{"start":{"line":175,"column":24},"end":{"line":177,"column":3}},"77":{"start":{"line":176,"column":4},"end":{"line":176,"column":120}},"78":{"start":{"line":178,"column":20},"end":{"line":196,"column":3}},"79":{"start":{"line":179,"column":4},"end":{"line":179,"column":23}},"80":{"start":{"line":180,"column":4},"end":{"line":194,"column":5}},"81":{"start":{"line":181,"column":21},"end":{"line":181,"column":35}},"82":{"start":{"line":182,"column":6},"end":{"line":182,"column":43}},"83":{"start":{"line":183,"column":6},"end":{"line":183,"column":51}},"84":{"start":{"line":184,"column":6},"end":{"line":190,"column":11}},"85":{"start":{"line":186,"column":10},"end":{"line":186,"column":89}},"86":{"start":{"line":186,"column":37},"end":{"line":186,"column":85}},"87":{"start":{"line":189,"column":10},"end":{"line":189,"column":70}},"88":{"start":{"line":192,"column":6},"end":{"line":192,"column":41}},"89":{"start":{"line":193,"column":6},"end":{"line":193,"column":13}},"90":{"start":{"line":197,"column":2},"end":{"line":583,"column":4}},"91":{"start":{"line":203,"column":14},"end":{"line":203,"column":40}},"92":{"start":{"line":218,"column":34},"end":{"line":218,"column":43}},"93":{"start":{"line":219,"column":14},"end":{"line":237,"column":16}},"94":{"start":{"line":226,"column":22},"end":{"line":229,"column":26}},"95":{"start":{"line":226,"column":48},"end":{"line":229,"column":23}},"96":{"start":{"line":233,"column":42},"end":{"line":233,"column":64}},"97":{"start":{"line":234,"column":42},"end":{"line":234,"column":57}},"98":{"start":{"line":244,"column":108},"end":{"line":244,"column":131}},"99":{"start":{"line":246,"column":107},"end":{"line":246,"column":131}},"100":{"start":{"line":256,"column":16},"end":{"line":259,"column":20}},"101":{"start":{"line":256,"column":42},"end":{"line":259,"column":17}},"102":{"start":{"line":263,"column":16},"end":{"line":266,"column":20}},"103":{"start":{"line":263,"column":42},"end":{"line":266,"column":17}},"104":{"start":{"line":270,"column":16},"end":{"line":273,"column":20}},"105":{"start":{"line":270,"column":42},"end":{"line":273,"column":17}},"106":{"start":{"line":277,"column":16},"end":{"line":280,"column":20}},"107":{"start":{"line":277,"column":42},"end":{"line":280,"column":17}},"108":{"start":{"line":284,"column":16},"end":{"line":287,"column":20}},"109":{"start":{"line":284,"column":42},"end":{"line":287,"column":17}},"110":{"start":{"line":297,"column":16},"end":{"line":300,"column":20}},"111":{"start":{"line":297,"column":45},"end":{"line":300,"column":17}},"112":{"start":{"line":304,"column":16},"end":{"line":307,"column":20}},"113":{"start":{"line":304,"column":45},"end":{"line":307,"column":17}},"114":{"start":{"line":311,"column":16},"end":{"line":314,"column":20}},"115":{"start":{"line":311,"column":45},"end":{"line":314,"column":17}},"116":{"start":{"line":318,"column":16},"end":{"line":321,"column":20}},"117":{"start":{"line":318,"column":45},"end":{"line":321,"column":17}},"118":{"start":{"line":325,"column":16},"end":{"line":328,"column":20}},"119":{"start":{"line":325,"column":45},"end":{"line":328,"column":17}},"120":{"start":{"line":338,"column":16},"end":{"line":341,"column":20}},"121":{"start":{"line":338,"column":46},"end":{"line":341,"column":17}},"122":{"start":{"line":345,"column":16},"end":{"line":348,"column":20}},"123":{"start":{"line":345,"column":46},"end":{"line":348,"column":17}},"124":{"start":{"line":352,"column":16},"end":{"line":355,"column":20}},"125":{"start":{"line":352,"column":46},"end":{"line":355,"column":17}},"126":{"start":{"line":359,"column":16},"end":{"line":362,"column":20}},"127":{"start":{"line":359,"column":46},"end":{"line":362,"column":17}},"128":{"start":{"line":366,"column":16},"end":{"line":369,"column":20}},"129":{"start":{"line":366,"column":46},"end":{"line":369,"column":17}},"130":{"start":{"line":380,"column":16},"end":{"line":383,"column":20}},"131":{"start":{"line":380,"column":46},"end":{"line":383,"column":17}},"132":{"start":{"line":387,"column":16},"end":{"line":390,"column":20}},"133":{"start":{"line":387,"column":46},"end":{"line":390,"column":17}},"134":{"start":{"line":394,"column":16},"end":{"line":397,"column":20}},"135":{"start":{"line":394,"column":46},"end":{"line":397,"column":17}},"136":{"start":{"line":401,"column":16},"end":{"line":404,"column":20}},"137":{"start":{"line":401,"column":46},"end":{"line":404,"column":17}},"138":{"start":{"line":408,"column":16},"end":{"line":411,"column":20}},"139":{"start":{"line":408,"column":46},"end":{"line":411,"column":17}},"140":{"start":{"line":421,"column":16},"end":{"line":424,"column":20}},"141":{"start":{"line":421,"column":44},"end":{"line":424,"column":17}},"142":{"start":{"line":428,"column":16},"end":{"line":431,"column":20}},"143":{"start":{"line":428,"column":44},"end":{"line":431,"column":17}},"144":{"start":{"line":435,"column":16},"end":{"line":438,"column":20}},"145":{"start":{"line":435,"column":44},"end":{"line":438,"column":17}},"146":{"start":{"line":442,"column":16},"end":{"line":445,"column":20}},"147":{"start":{"line":442,"column":44},"end":{"line":445,"column":17}},"148":{"start":{"line":449,"column":16},"end":{"line":452,"column":20}},"149":{"start":{"line":449,"column":44},"end":{"line":452,"column":17}},"150":{"start":{"line":462,"column":16},"end":{"line":465,"column":20}},"151":{"start":{"line":462,"column":43},"end":{"line":465,"column":17}},"152":{"start":{"line":469,"column":16},"end":{"line":472,"column":20}},"153":{"start":{"line":469,"column":43},"end":{"line":472,"column":17}},"154":{"start":{"line":476,"column":16},"end":{"line":479,"column":20}},"155":{"start":{"line":476,"column":43},"end":{"line":479,"column":17}},"156":{"start":{"line":483,"column":16},"end":{"line":486,"column":20}},"157":{"start":{"line":483,"column":43},"end":{"line":486,"column":17}},"158":{"start":{"line":490,"column":16},"end":{"line":493,"column":20}},"159":{"start":{"line":490,"column":43},"end":{"line":493,"column":17}},"160":{"start":{"line":506,"column":16},"end":{"line":506,"column":62}},"161":{"start":{"line":506,"column":41},"end":{"line":506,"column":60}},"162":{"start":{"line":508,"column":31},"end":{"line":508,"column":64}},"163":{"start":{"line":519,"column":16},"end":{"line":519,"column":62}},"164":{"start":{"line":519,"column":41},"end":{"line":519,"column":60}},"165":{"start":{"line":521,"column":31},"end":{"line":521,"column":61}},"166":{"start":{"line":531,"column":50},"end":{"line":531,"column":85}},"167":{"start":{"line":536,"column":18},"end":{"line":539,"column":28}},"168":{"start":{"line":547,"column":85},"end":{"line":547,"column":113}},"169":{"start":{"line":559,"column":16},"end":{"line":559,"column":62}},"170":{"start":{"line":559,"column":41},"end":{"line":559,"column":60}},"171":{"start":{"line":561,"column":31},"end":{"line":561,"column":89}},"172":{"start":{"line":573,"column":14},"end":{"line":573,"column":40}},"173":{"start":{"line":579,"column":33},"end":{"line":579,"column":46}}},"fnMap":{"0":{"name":"(anonymous_0)","decl":{"start":{"line":4,"column":18},"end":{"line":4,"column":19}},"loc":{"start":{"line":4,"column":81},"end":{"line":584,"column":1}},"line":4},"1":{"name":"(anonymous_1)","decl":{"start":{"line":84,"column":21},"end":{"line":84,"column":22}},"loc":{"start":{"line":84,"column":33},"end":{"line":115,"column":3}},"line":84},"2":{"name":"(anonymous_2)","decl":{"start":{"line":117,"column":26},"end":{"line":117,"column":27}},"loc":{"start":{"line":117,"column":45},"end":{"line":126,"column":3}},"line":117},"3":{"name":"(anonymous_3)","decl":{"start":{"line":127,"column":25},"end":{"line":127,"column":26}},"loc":{"start":{"line":127,"column":37},"end":{"line":139,"column":3}},"line":127},"4":{"name":"(anonymous_4)","decl":{"start":{"line":140,"column":21},"end":{"line":140,"column":22}},"loc":{"start":{"line":140,"column":33},"end":{"line":168,"column":3}},"line":140},"5":{"name":"(anonymous_5)","decl":{"start":{"line":159,"column":14},"end":{"line":159,"column":15}},"loc":{"start":{"line":159,"column":18},"end":{"line":162,"column":9}},"line":159},"6":{"name":"(anonymous_6)","decl":{"start":{"line":163,"column":15},"end":{"line":163,"column":16}},"loc":{"start":{"line":163,"column":24},"end":{"line":165,"column":9}},"line":163},"7":{"name":"(anonymous_7)","decl":{"start":{"line":169,"column":23},"end":{"line":169,"column":24}},"loc":{"start":{"line":169,"column":35},"end":{"line":174,"column":3}},"line":169},"8":{"name":"(anonymous_8)","decl":{"start":{"line":175,"column":24},"end":{"line":175,"column":25}},"loc":{"start":{"line":175,"column":36},"end":{"line":177,"column":3}},"line":175},"9":{"name":"(anonymous_9)","decl":{"start":{"line":178,"column":20},"end":{"line":178,"column":21}},"loc":{"start":{"line":178,"column":32},"end":{"line":196,"column":3}},"line":178},"10":{"name":"(anonymous_10)","decl":{"start":{"line":185,"column":14},"end":{"line":185,"column":15}},"loc":{"start":{"line":185,"column":28},"end":{"line":187,"column":9}},"line":185},"11":{"name":"(anonymous_11)","decl":{"start":{"line":186,"column":20},"end":{"line":186,"column":21}},"loc":{"start":{"line":186,"column":35},"end":{"line":186,"column":87}},"line":186},"12":{"name":"(anonymous_12)","decl":{"start":{"line":188,"column":15},"end":{"line":188,"column":16}},"loc":{"start":{"line":188,"column":24},"end":{"line":190,"column":9}},"line":188},"13":{"name":"(anonymous_13)","decl":{"start":{"line":202,"column":21},"end":{"line":202,"column":22}},"loc":{"start":{"line":202,"column":27},"end":{"line":204,"column":13}},"line":202},"14":{"name":"(anonymous_14)","decl":{"start":{"line":217,"column":31},"end":{"line":217,"column":32}},"loc":{"start":{"line":217,"column":48},"end":{"line":238,"column":13}},"line":217},"15":{"name":"(anonymous_15)","decl":{"start":{"line":225,"column":29},"end":{"line":225,"column":30}},"loc":{"start":{"line":225,"column":35},"end":{"line":230,"column":21}},"line":225},"16":{"name":"(anonymous_16)","decl":{"start":{"line":226,"column":32},"end":{"line":226,"column":33}},"loc":{"start":{"line":226,"column":48},"end":{"line":229,"column":23}},"line":226},"17":{"name":"(anonymous_17)","decl":{"start":{"line":233,"column":34},"end":{"line":233,"column":35}},"loc":{"start":{"line":233,"column":40},"end":{"line":233,"column":66}},"line":233},"18":{"name":"(anonymous_18)","decl":{"start":{"line":234,"column":34},"end":{"line":234,"column":35}},"loc":{"start":{"line":234,"column":40},"end":{"line":234,"column":59}},"line":234},"19":{"name":"(anonymous_19)","decl":{"start":{"line":244,"column":101},"end":{"line":244,"column":102}},"loc":{"start":{"line":244,"column":106},"end":{"line":244,"column":133}},"line":244},"20":{"name":"(anonymous_20)","decl":{"start":{"line":246,"column":100},"end":{"line":246,"column":101}},"loc":{"start":{"line":246,"column":105},"end":{"line":246,"column":133}},"line":246},"21":{"name":"(anonymous_21)","decl":{"start":{"line":255,"column":133},"end":{"line":255,"column":134}},"loc":{"start":{"line":255,"column":138},"end":{"line":260,"column":15}},"line":255},"22":{"name":"(anonymous_22)","decl":{"start":{"line":256,"column":26},"end":{"line":256,"column":27}},"loc":{"start":{"line":256,"column":42},"end":{"line":259,"column":17}},"line":256},"23":{"name":"(anonymous_23)","decl":{"start":{"line":262,"column":133},"end":{"line":262,"column":134}},"loc":{"start":{"line":262,"column":138},"end":{"line":267,"column":15}},"line":262},"24":{"name":"(anonymous_24)","decl":{"start":{"line":263,"column":26},"end":{"line":263,"column":27}},"loc":{"start":{"line":263,"column":42},"end":{"line":266,"column":17}},"line":263},"25":{"name":"(anonymous_25)","decl":{"start":{"line":269,"column":133},"end":{"line":269,"column":134}},"loc":{"start":{"line":269,"column":138},"end":{"line":274,"column":15}},"line":269},"26":{"name":"(anonymous_26)","decl":{"start":{"line":270,"column":26},"end":{"line":270,"column":27}},"loc":{"start":{"line":270,"column":42},"end":{"line":273,"column":17}},"line":270},"27":{"name":"(anonymous_27)","decl":{"start":{"line":276,"column":133},"end":{"line":276,"column":134}},"loc":{"start":{"line":276,"column":138},"end":{"line":281,"column":15}},"line":276},"28":{"name":"(anonymous_28)","decl":{"start":{"line":277,"column":26},"end":{"line":277,"column":27}},"loc":{"start":{"line":277,"column":42},"end":{"line":280,"column":17}},"line":277},"29":{"name":"(anonymous_29)","decl":{"start":{"line":283,"column":133},"end":{"line":283,"column":134}},"loc":{"start":{"line":283,"column":138},"end":{"line":288,"column":15}},"line":283},"30":{"name":"(anonymous_30)","decl":{"start":{"line":284,"column":26},"end":{"line":284,"column":27}},"loc":{"start":{"line":284,"column":42},"end":{"line":287,"column":17}},"line":284},"31":{"name":"(anonymous_31)","decl":{"start":{"line":296,"column":142},"end":{"line":296,"column":143}},"loc":{"start":{"line":296,"column":147},"end":{"line":301,"column":15}},"line":296},"32":{"name":"(anonymous_32)","decl":{"start":{"line":297,"column":29},"end":{"line":297,"column":30}},"loc":{"start":{"line":297,"column":45},"end":{"line":300,"column":17}},"line":297},"33":{"name":"(anonymous_33)","decl":{"start":{"line":303,"column":142},"end":{"line":303,"column":143}},"loc":{"start":{"line":303,"column":147},"end":{"line":308,"column":15}},"line":303},"34":{"name":"(anonymous_34)","decl":{"start":{"line":304,"column":29},"end":{"line":304,"column":30}},"loc":{"start":{"line":304,"column":45},"end":{"line":307,"column":17}},"line":304},"35":{"name":"(anonymous_35)","decl":{"start":{"line":310,"column":142},"end":{"line":310,"column":143}},"loc":{"start":{"line":310,"column":147},"end":{"line":315,"column":15}},"line":310},"36":{"name":"(anonymous_36)","decl":{"start":{"line":311,"column
[...]
lumn":5}}],"line":255},"41":{"loc":{"start":{"line":256,"column":6},"end":{"line":271,"column":7}},"type":"if","locations":[{"start":{"line":256,"column":6},"end":{"line":271,"column":7}},{"start":{"line":263,"column":13},"end":{"line":271,"column":7}}],"line":256},"42":{"loc":{"start":{"line":257,"column":8},"end":{"line":261,"column":9}},"type":"if","locations":[{"start":{"line":257,"column":8},"end":{"line":261,"column":9}},{"start":{},"end":{}}],"line":257},"43":{"loc":{"start":{"line":265,"column":8},"end":{"line":269,"column":9}},"type":"if","locations":[{"start":{"line":265,"column":8},"end":{"line":269,"column":9}},{"start":{"line":267,"column":15},"end":{"line":269,"column":9}}],"line":265},"44":{"loc":{"start":{"line":273,"column":11},"end":{"line":291,"column":5}},"type":"if","locations":[{"start":{"line":273,"column":11},"end":{"line":291,"column":5}},{"start":{},"end":{}}],"line":273},"45":{"loc":{"start":{"line":274,"column":6},"end":{"line":289,"column":7}},"type":"if","locations":[{"start":{"line":274,"column":6},"end":{"line":289,"column":7}},{"start":{"line":281,"column":13},"end":{"line":289,"column":7}}],"line":274},"46":{"loc":{"start":{"line":275,"column":8},"end":{"line":279,"column":9}},"type":"if","locations":[{"start":{"line":275,"column":8},"end":{"line":279,"column":9}},{"start":{},"end":{}}],"line":275},"47":{"loc":{"start":{"line":283,"column":8},"end":{"line":287,"column":9}},"type":"if","locations":[{"start":{"line":283,"column":8},"end":{"line":287,"column":9}},{"start":{"line":285,"column":15},"end":{"line":287,"column":9}}],"line":283},"48":{"loc":{"start":{"line":298,"column":19},"end":{"line":298,"column":54}},"type":"cond-expr","locations":[{"start":{"line":298,"column":42},"end":{"line":298,"column":47}},{"start":{"line":298,"column":50},"end":{"line":298,"column":54}}],"line":298},"49":{"loc":{"start":{"line":299,"column":17},"end":{"line":299,"column":71}},"type":"cond-expr","locations":[{"start":{"line":299,"column":46},"end":{"line":299,"column":57}},{"start":{"line":299,"column":60},"end":{"line":299,"column":71}}],"line":299},"50":{"loc":{"start":{"line":302,"column":21},"end":{"line":302,"column":79}},"type":"cond-expr","locations":[{"start":{"line":302,"column":42},"end":{"line":302,"column":53}},{"start":{"line":302,"column":56},"end":{"line":302,"column":79}}],"line":302},"51":{"loc":{"start":{"line":305,"column":6},"end":{"line":311,"column":7}},"type":"if","locations":[{"start":{"line":305,"column":6},"end":{"line":311,"column":7}},{"start":{"line":307,"column":13},"end":{"line":311,"column":7}}],"line":305},"52":{"loc":{"start":{"line":334,"column":4},"end":{"line":340,"column":5}},"type":"if","locations":[{"start":{"line":334,"column":4},"end":{"line":340,"column":5}},{"start":{"line":336,"column":11},"end":{"line":340,"column":5}}],"line":334},"53":{"loc":{"start":{"line":336,"column":11},"end":{"line":340,"column":5}},"type":"if","locations":[{"start":{"line":336,"column":11},"end":{"line":340,"column":5}},{"start":{"line":338,"column":11},"end":{"line":340,"column":5}}],"line":336},"54":{"loc":{"start":{"line":338,"column":11},"end":{"line":340,"column":5}},"type":"if","locations":[{"start":{"line":338,"column":11},"end":{"line":340,"column":5}},{"start":{},"end":{}}],"line":338},"55":{"loc":{"start":{"line":347,"column":4},"end":{"line":356,"column":5}},"type":"if","locations":[{"start":{"line":347,"column":4},"end":{"line":356,"column":5}},{"start":{"line":352,"column":11},"end":{"line":356,"column":5}}],"line":347},"56":{"loc":{"start":{"line":348,"column":6},"end":{"line":350,"column":7}},"type":"if","locations":[{"start":{"line":348,"column":6},"end":{"line":350,"column":7}},{"start":{},"end":{}}],"line":348},"57":{"loc":{"start":{"line":348,"column":10},"end":{"line":348,"column":76}},"type":"binary-expr","locations":[{"start":{"line":348,"column":10},"end":{"line":348,"column":32}},{"start":{"line":348,"column":36},"end":{"line":348,"column":76}}],"line":348},"58":{"loc":{"start":{"line":352,"column":11},"end":{"line":356,"column":5}},"type":"if","locations":[{"start":{"line":352,"column":11},"end":{"line":356,"column":5}},{"start":{"line":354,"column":11},"end":{"line":356,"column":5}}],"line":352},"59":{"loc":{"start":{"line":383,"column":11},"end":{"line":416,"column":12}},"type":"cond-expr","locations":[{"start":{"line":383,"column":32},"end":{"line":383,"column":127}},{"start":{"line":383,"column":130},"end":{"line":416,"column":12}}],"line":383},"60":{"loc":{"start":{"line":393,"column":47},"end":{"line":394,"column":89}},"type":"cond-expr","locations":[{"start":{"line":394,"column":18},"end":{"line":394,"column":82}},{"start":{"line":394,"column":85},"end":{"line":394,"column":89}}],"line":393},"61":{"loc":{"start":{"line":394,"column":101},"end":{"line":396,"column":133}},"type":"cond-expr","locations":[{"start":{"line":395,"column":18},"end":{"line":396,"column":108}},{"start":{"line":396,"column":111},"end":{"line":396,"column":133}}],"line":394},"62":{"loc":{"start":{"line":395,"column":24},"end":{"line":395,"column":129}},"type":"cond-expr","locations":[{"start":{"line":395,"column":38},"end":{"line":395,"column":104}},{"start":{"line":395,"column":107},"end":{"line":395,"column":129}}],"line":395},"63":{"loc":{"start":{"line":398,"column":17},"end":{"line":410,"column":31}},"type":"cond-expr","locations":[{"start":{"line":399,"column":18},"end":{"line":410,"column":24}},{"start":{"line":410,"column":27},"end":{"line":410,"column":31}}],"line":398},"64":{"loc":{"start":{"line":411,"column":17},"end":{"line":411,"column":110}},"type":"cond-expr","locations":[{"start":{"line":411,"column":34},"end":{"line":411,"column":103}},{"start":{"line":411,"column":106},"end":{"line":411,"column":110}}],"line":411},"65":{"loc":{"start":{"line":412,"column":17},"end":{"line":412,"column":166}},"type":"cond-expr","locations":[{"start":{"line":412,"column":34},"end":{"line":412,"column":158}},{"start":{"line":412,"column":162},"end":{"line":412,"column":166}}],"line":412},"66":{"loc":{"start":{"line":418,"column":41},"end":{"line":418,"column":326}},"type":"cond-expr","locations":[{"start":{"line":418,"column":53},"end":{"line":418,"column":57}},{"start":{"line":418,"column":60},"end":{"line":418,"column":326}}],"line":418},"67":{"loc":{"start":{"line":418,"column":60},"end":{"line":418,"column":326}},"type":"cond-expr","locations":[{"start":{"line":418,"column":243},"end":{"line":418,"column":247}},{"start":{"line":418,"column":250},"end":{"line":418,"column":326}}],"line":418},"68":{"loc":{"start":{"line":418,"column":60},"end":{"line":418,"column":240}},"type":"binary-expr","locations":[{"start":{"line":418,"column":60},"end":{"line":418,"column":208}},{"start":{"line":418,"column":212},"end":{"line":418,"column":240}}],"line":418},"69":{"loc":{"start":{"line":418,"column":92},"end":{"line":418,"column":207}},"type":"cond-expr","locations":[{"start":{"line":418,"column":139},"end":{"line":418,"column":180}},{"start":{"line":418,"column":184},"end":{"line":418,"column":207}}],"line":418},"70":{"loc":{"start":{"line":418,"column":93},"end":{"line":418,"column":134}},"type":"binary-expr","locations":[{"start":{"line":418,"column":93},"end":{"line":418,"column":111}},{"start":{"line":418,"column":115},"end":{"line":418,"column":134}}],"line":418},"71":{"loc":{"start":{"line":418,"column":139},"end":{"line":418,"column":180}},"type":"binary-expr","locations":[{"start":{"line":418,"column":139},"end":{"line":418,"column":157}},{"start":{"line":418,"column":161},"end":{"line":418,"column":180}}],"line":418},"72":{"loc":{"start":{"line":419,"column":11},"end":{"line":419,"column":107}},"type":"cond-expr","locations":[{"start":{"line":419,"column":23},"end":{"line":419,"column":27}},{"start":{"line":419,"column":30},"end":{"line":419,"column":107}}],"line":419},"73":{"loc":{"start":{"line":421,"column":9},"end":{"line":421,"column":199}},"type":"binary-expr","locations":[{"start":{"line":421,"column":9},"end":{"line":421,"column":24}},{"start":{"line":421,"column":28},"end":{"line":421,"column":199}}],"line":421}},"s":{"0":2,"1":66,"2":66,"3":66,"4":66,"5":66,"6":66,"7":66,"8":66,"9":66,"10":66,"11":66,"12":66,"13":66,"14":66,"15":66,"16":66,"17":66,"18":66,"19":66,"20":66,"21":66,"22":66,"23":66,"24":66,"25":66,"26":66,"27":66,"28":66,"29":66,"30":7,"31":7,"32":7,"33":7,"34":7,"35":7,"36":7,"37":4,"38":24,"39":4,"40":4,"41":0,"42":0,"43":0,"44":0,"45":0,"46":4,"47":4,"48":0,"49":0,"50":4,"51":4,"52":0,"53":0,"54":0,"55":0,"56":0,"57":0,"58":0,"59":0,"60":0,"61":0,"62":0,"63":0,"64":0,"65":0,"66":0,"67":0,"68":4,"69":4,"70":24,"71":4,"72":48,"73":4,"74":4,"75":3,"76":3,"77":3,"78":3,"79":3,"80":3,"81":3,"82":3,"83":0,"84":7,"85":7,"86":66,"87":14,"88":14,"89":14,"90":14,"91":14,"92":0,"93":0,"94":14,"95":0,"96":0,"97":0,"98":0,"99":14,"100":0,"101":0,"102":14,"103":14,"104":0,"105":14,"106":14,"107":14,"108":14,"109":66,"110":0,"111":0,"112":0,"113":0,"114":0,"115":0,"116":0,"117":66,"118":28,"119":28,"120":28,"121":28,"122":28,"123":140,"124":0,"125":0,"126":0,"127":28,"128":28,"129":66,"130":1,"131":1,"132":1,"133":1,"134":0,"135":0,"136":1,"137":0,"138":0,"139":0,"140":0,"141":0,"142":0,"143":0,"144":0,"145":1,"146":66,"147":0,"148":0,"149":0,"150":0,"151":0,"152":0,"153":0,"154":0,"155":0,"156":0,"157":0,"158":0,"159":0,"160":0,"161":0,"162":0,"163":0,"164":0,"165":0,"166":0,"167":0,"168":0,"169":0,"170":0,"171":0,"172":0,"173":0,"174":0,"175":0,"176":0,"177":0,"178":0,"179":0,"180":0,"181":0,"182":0,"183":0,"184":0,"185":0,"186":0,"187":0,"188":0,"189":0,"190":0,"191":0,"192":0,"193":0,"194":0,"195":0,"196":0,"197":0,"198":0,"199":0,"200":0,"201":0,"202":0,"203":0,"204":0,"205":0,"206":0,"207":0,"208":0,"209":0,"210":0,"211":0,"212":0,"213":0,"214":0,"215":0,"216":0,"217":0,"218":0,"219":0,"220":0,"221":66,"222":80,"223":80,"224":66,"225":0,"226":0,"227":66,"228":0,"229":0,"230":0,"231":0,"232":0,"233":0,"234":0,"235":0,"236":66,"237":0,"238":0,"239":0,"240":0,"241":0,"242":0,"243":66,"244":0,"245":0,"246":66,"247":146,"248":146,"249":146,"250":146,"251":66,"252":0,"253":0,"254":0,"255":0,"256":0,"257":0,"258":0,"259":66,"260":0,"261":0,"262":0,"263":66,"264":66,"265":0,"266":0,"267":0,"268":66,"269":1,"270":65,"271":66,"272":1,"273":80,"274":0,"275":160,"276":0,"277":0},"f":{"0":66,"1":7,"2":7,"3":24,"4":0,"5":0,"6":0,"7":0,"8":24,"9":48,"10":4,"11":0,"12":7,"13":14,"14":14,"15":0,"16":28,"17":1,"18":0,"19":0,"20":0,"21":0,"22":0,"23":0,"24":0,"25":0,"26":0,"27":0,"28":0,"29":0,"30":0,"31":80,"32":0,"33":0,"34":0,"35":0,"36":0,"37":146,"38":0,"39":0,"40":0,"41":66,"42":1,"43":80,"44":0,"45":160,"46":0,"47":0},"b":{"0":[4,3],"1":[24,12],"2":[0,4],"3":[0,0],"4":[4,0],"5":[0,4],"6":[0,0],"7":[0,0],"8":[0,0],"9":[0,0],"10":[3,1],"11":[14,0],"12":[0,14],"13":[0,14],"14":[0,0],"15":[0,0],"16":[0,14],"17":[14,0,0],"18":[0,14],"19":[14,14],"20":[0,0],"21":[0,140],"22":[1,1],"23":[0,1],"24":[0,0],"25":[0,0],"26":[0,0],"27":[0,0],"28":[0,0],"29":[0,0],"30":[0,0],"31":[0,0],"32":[0,0],"33":[0,0],"34":[0,0],"35":[0,0],"36":[0,0],"37":[0,0],"38":[0,0],"39":[0,0],"40":[0,0],"41":[0,0],"42":[0,0],"43":[0,0],"44":[0,0],"45":[0,0],"46":[0,0],"47":[0,0],"48":[0,0],"49":[0,0],"50":[0,0],"51":[0,0],"52":[0,0],"53":[0,0],"54":[0,0],"55":[0,66],"56":[0,0],"57":[0,0],"58":[1,65],"59":[19,47],"60":[0,80],"61":[0,80],"62":[0,0],"63":[80,0],"64":[0,80],"65":[0,80],"66":[19,47],"67":[11,36],"68":[47,40],"69":[0,47],"70":[47,47],"71":[0,0],"72":[19,47],"73":[66,0]},"_coverageSchema":"1a1c01bbd47fc00a2c39e90264f33305004495a9","hash":"704e0ebde842b9e056f1914c12920ca3ce94c35b"}
,"/home/yanlin/hackreactor/Project-Atelier/client/src/components/RelProductsComponents/MyOutfitCards.jsx": {"path":"/home/yanlin/hackreactor/Project-Atelier/client/src/components/RelProductsComponents/MyOutfitCards.jsx","statementMap":{"0":{"start":{"line":3,"column":20},"end":{"line":29,"column":1}},"1":{"start":{"line":4,"column":2},"end":{"line":28,"column":3}},"2":{"start":{"line":5,"column":4},"end":{"line":7,"column":6}},"3":{"start":{"line":9,"column":4},"end":{"line":27,"column":6}},"4":{"start":{"line":18,"column":10},"end":{"line":24,"column":12}}},"fnMap":{"0":{"name":"(anonymous_0)","decl":{"start":{"line":3,"column":20},"end":{"line":3,"column":21}},"loc":{"start":{"line":3,"column":31},"end":{"line":29,"column":1}},"line":3},"1":{"name":"(anonymous_1)","decl":{"start":{"line":17,"column":33},"end":{"line":17,"column":34}},"loc":{"start":{"line":17,"column":43},"end":{"line":25,"column":9}},"line":17}},"branchMap":{"0":{"loc":{"start":{"line":4,"column":2},"end":{"line":28,"column":3}},"type":"if","locations":[{"start":{"line":4,"column":2},"end":{"line":28,"column":3}},{"start":{"line":8,"column":9},"end":{"line":28,"column":3}}],"line":4}},"s":{"0":1,"1":0,"2":0,"3":0,"4":0},"f":{"0":0,"1":0},"b":{"0":[0,0]},"_coverageSchema":"1a1c01bbd47fc00a2c39e90264f33305004495a9","hash":"6ba3003dcf9c4d361929fe5f3983a3ee2ffafb6b"}
,"/home/yanlin/hackreactor/Project-Atelier/client/src/components/RelProductsComponents/ProductCards.jsx": {"path":"/home/yanlin/hackreactor/Project-Atelier/client/src/components/RelProductsComponents/ProductCards.jsx","statementMap":{"0":{"start":{"line":10,"column":4},"end":{"line":10,"column":17}},"1":{"start":{"line":11,"column":4},"end":{"line":13,"column":6}},"2":{"start":{"line":17,"column":4},"end":{"line":17,"column":59}},"3":{"start":{"line":18,"column":4},"end":{"line":37,"column":6}},"4":{"start":{"line":22,"column":10},"end":{"line":34,"column":12}}},"fnMap":{"0":{"name":"(anonymous_0)","decl":{"start":{"line":9,"column":2},"end":{"line":9,"column":3}},"loc":{"start":{"line":9,"column":21},"end":{"line":14,"column":3}},"line":9},"1":{"name":"(anonymous_1)","decl":{"start":{"line":16,"column":2},"end":{"line":16,"column":3}},"loc":{"start":{"line":16,"column":11},"end":{"line":38,"column":3}},"line":16},"2":{"name":"(anonymous_2)","decl":{"start":{"line":21,"column":37},"end":{"line":21,"column":38}},"loc":{"start":{"line":21,"column":48},"end":{"line":35,"column":9}},"line":21}},"branchMap":{},"s":{"0":0,"1":0,"2":0,"3":0,"4":0},"f":{"0":0,"1":0,"2":0},"b":{},"_coverageSchema":"1a1c01bbd47fc00a2c39e90264f33305004495a9","hash":"d8d0e40abb2096633ef4274b3d88909c68d16809"}
,"/home/yanlin/hackreactor/Project-Atelier/client/src/components/RelProductsComponents/RelProducts.jsx": {"path":"/home/yanlin/hackreactor/Project-Atelier/client/src/components/RelProductsComponents/RelProducts.jsx","statementMap":{"0":{"start":{"line":10,"column":4},"end":{"line":10,"column":17}},"1":{"start":{"line":11,"column":4},"end":{"line":14,"column":6}},"2":{"start":{"line":16,"column":4},"end":{"line":16,"column":63}},"3":{"start":{"line":17,"column":4},"end":{"line":17,"column":51}},"4":{"start":{"line":23,"column":4},"end":{"line":30,"column":40}},"5":{"start":{"line":25,"column":8},"end":{"line":27,"column":11}},"6":{"start":{"line":28,"column":8},"end":{"line":28,"column":64}},"7":{"start":{"line":30,"column":20},"end":{"line":30,"column":38}},"8":{"start":{"line":34,"column":18},"end":{"line":34,"column":26}},"9":{"start":{"line":35,"column":4},"end":{"line":35,"column":45}},"10":{"start":{"line":39,"column":4},"end":{"line":39,"column":65}},"11":{"start":{"line":40,"column":4},"end":{"line":50,"column":6}}},"fnMap":{"0":{"name":"(anonymous_0)","decl":{"start":{"line":9,"column":2},"end":{"line":9,"column":3}},"loc":{"start":{"line":9,"column":21},"end":{"line":19,"column":3}},"line":9},"1":{"name":"(anonymous_1)","decl":{"start":{"line":21,"column":2},"end":{"line":21,"column":3}},"loc":{"start":{"line":21,"column":22},"end":{"line":31,"column":3}},"line":21},"2":{"name":"(anonymous_2)","decl":{"start":{"line":24,"column":12},"end":{"line":24,"column":13}},"loc":{"start":{"line":24,"column":27},"end":{"line":29,"column":7}},"line":24},"3":{"name":"(anonymous_3)","decl":{"start":{"line":30,"column":13},"end":{"line":30,"column":14}},"loc":{"start":{"line":30,"column":20},"end":{"line":30,"column":38}},"line":30},"4":{"name":"(anonymous_4)","decl":{"start":{"line":33,"column":2},"end":{"line":33,"column":3}},"loc":{"start":{"line":33,"column":17},"end":{"line":36,"column":3}},"line":33},"5":{"name":"(anonymous_5)","decl":{"start":{"line":38,"column":2},"end":{"line":38,"column":3}},"loc":{"start":{"line":38,"column":11},"end":{"line":51,"column":3}},"line":38}},"branchMap":{},"s":{"0":0,"1":0,"2":0,"3":0,"4":0,"5":0,"6":0,"7":0,"8":0,"9":0,"10":0,"11":0},"f":{"0":0,"1":0,"2":0,"3":0,"4":0,"5":0},"b":{},"_coverageSchema":"1a1c01bbd47fc00a2c39e90264f33305004495a9","hash":"8582ef56f9ae5e312d6c0d0c2f07dc1802f4e186"}
,"/home/yanlin/hackreactor/Project-Atelier/example/products.js": {"path":"/home/yanlin/hackreactor/Project-Atelier/example/products.js","statementMap":{"0":{"start":{"line":7,"column":15},"end":{"line":33,"column":1}},"1":{"start":{"line":37,"column":22},"end":{"line":55,"column":1}},"2":{"start":{"line":59,"column":12},"end":{"line":157,"column":1}},"3":{"start":{"line":161,"column":22},"end":{"line":166,"column":1}},"4":{"start":{"line":168,"column":0},"end":{"line":168,"column":71}}},"fnMap":{},"branchMap":{},"s":{"0":2,"1":2,"2":2,"3":2,"4":2},"f":{},"b":{},"_coverageSchema":"1a1c01bbd47fc00a2c39e90264f33305004495a9","hash":"ea12bdc73cddd87eb0fb98becf5429e2778cdc6e"}
,"/home/yanlin/hackreactor/Project-Atelier/example/questions.js": {"path":"/home/yanlin/hackreactor/Project-Atelier/example/questions.js","statementMap":{"0":{"start":{"line":13,"column":16},"end":{"line":86,"column":1}},"1":{"start":{"line":101,"column":14},"end":{"line":131,"column":1}},"2":{"start":{"line":194,"column":0},"end":{"line":197,"column":1}}},"fnMap":{},"branchMap":{},"s":{"0":1,"1":1,"2":1},"f":{},"b":{},"_coverageSchema":"1a1c01bbd47fc00a2c39e90264f33305004495a9","hash":"b7a3fa4d58cbc07c2b4388adedba9dc640e23e20"}
,"/home/yanlin/hackreactor/Project-Atelier/example/reviews.js": {"path":"/home/yanlin/hackreactor/Project-Atelier/example/reviews.js","statementMap":{"0":{"start":{"line":1,"column":21},"end":{"line":186,"column":1}},"1":{"start":{"line":188,"column":0},"end":{"line":190,"column":1}}},"fnMap":{},"branchMap":{},"s":{"0":2,"1":2},"f":{},"b":{},"_coverageSchema":"1a1c01bbd47fc00a2c39e90264f33305004495a9","hash":"2b23d065e2074c237048dbe40892efb9b7ed5a83"}
,"/home/yanlin/hackreactor/Project-Atelier/test/mocks/handlers.js": {"path":"/home/yanlin/hackreactor/Project-Atelier/test/mocks/handlers.js","statementMap":{"0":{"start":{"line":10,"column":24},"end":{"line":42,"column":1}},"1":{"start":{"line":12,"column":4},"end":{"line":15,"column":6}},"2":{"start":{"line":19,"column":4},"end":{"line":22,"column":6}},"3":{"start":{"line":25,"column":4},"end":{"line":28,"column":6}},"4":{"start":{"line":32,"column":4},"end":{"line":34,"column":6}},"5":{"start":{"line":38,"column":4},"end":{"line":40,"column":6}}},"fnMap":{"0":{"name":"(anonymous_0)","decl":{"start":{"line":11,"column":40},"end":{"line":11,"column":41}},"loc":{"start":{"line":11,"column":65},"end":{"line":16,"column":3}},"line":11},"1":{"name":"(anonymous_1)","decl":{"start":{"line":18,"column":34},"end":{"line":18,"column":35}},"loc":{"start":{"line":18,"column":53},"end":{"line":23,"column":3}},"line":18},"2":{"name":"(anonymous_2)","decl":{"start":{"line":24,"column":38},"end":{"line":24,"column":39}},"loc":{"start":{"line":24,"column":57},"end":{"line":29,"column":3}},"line":24},"3":{"name":"(anonymous_3)","decl":{"start":{"line":31,"column":19},"end":{"line":31,"column":20}},"loc":{"start":{"line":31,"column":38},"end":{"line":35,"column":3}},"line":31},"4":{"name":"(anonymous_4)","decl":{"start":{"line":37,"column":20},"end":{"line":37,"column":21}},"loc":{"start":{"line":37,"column":39},"end":{"line":41,"column":3}},"line":37}},"branchMap":{},"s":{"0":2,"1":0,"2":7,"3":4,"4":0,"5":0},"f":{"0":0,"1":7,"2":4,"3":0,"4":0},"b":{},"_coverageSchema":"1a1c01bbd47fc00a2c39e90264f33305004495a9","hash":"7bb966e826531756915ceed8cf9ba1c44d81699e"}
}
