TN:
SF:client/src/app.jsx
FN:9,(anonymous_0)
FN:16,(anonymous_1)
FN:20,(anonymous_2)
FNF:3
FNH:0
FNDA:0,(anonymous_0)
FNDA:0,(anonymous_1)
FNDA:0,(anonymous_2)
DA:10,0
DA:11,0
DA:21,0
LF:3
LH:0
BRF:0
BRH:0
end_of_record
TN:
SF:client/src/components/ProdOverview/OverView.jsx
FN:10,(anonymous_0)
FN:18,(anonymous_1)
FN:22,(anonymous_2)
FN:27,(anonymous_3)
FN:33,(anonymous_4)
FN:40,(anonymous_5)
FN:45,(anonymous_6)
FN:52,(anonymous_7)
FNF:8
FNH:0
FNDA:0,(anonymous_0)
FNDA:0,(anonymous_1)
FNDA:0,(anonymous_2)
FNDA:0,(anonymous_3)
FNDA:0,(anonymous_4)
FNDA:0,(anonymous_5)
FNDA:0,(anonymous_6)
FNDA:0,(anonymous_7)
DA:11,0
DA:12,0
DA:15,0
DA:19,0
DA:20,0
DA:21,0
DA:23,0
DA:28,0
DA:31,0
DA:32,0
DA:34,0
DA:41,0
DA:47,0
DA:54,0
DA:55,0
DA:60,0
LF:16
LH:0
BRDA:54,0,0,0
BRDA:54,0,1,0
BRF:2
BRH:0
end_of_record
TN:
SF:client/src/components/ProdOverview/ProductInfo.jsx
FN:4,(anonymous_0)
FNF:1
FNH:0
FNDA:0,(anonymous_0)
DA:4,1
DA:6,0
LF:2
LH:1
BRF:0
BRH:0
end_of_record
TN:
SF:client/src/components/ProdOverview/AddToCart/AddToCart.jsx
FN:6,(anonymous_0)
FN:13,(anonymous_1)
FN:21,(anonymous_2)
FN:29,(anonymous_3)
FN:36,(anonymous_4)
FNF:5
FNH:0
FNDA:0,(anonymous_0)
FNDA:0,(anonymous_1)
FNDA:0,(anonymous_2)
FNDA:0,(anonymous_3)
FNDA:0,(anonymous_4)
DA:7,0
DA:8,0
DA:14,0
DA:15,0
DA:22,0
DA:30,0
DA:31,0
DA:38,0
LF:8
LH:0
BRDA:14,0,0,0
BRDA:14,0,1,0
BRF:2
BRH:0
end_of_record
TN:
SF:client/src/components/ProdOverview/AddToCart/QuantityDropdown.jsx
FN:3,(anonymous_0)
FN:27,(anonymous_1)
FNF:2
FNH:0
FNDA:0,(anonymous_0)
FNDA:0,(anonymous_1)
DA:3,1
DA:5,0
DA:6,0
DA:14,0
DA:15,0
DA:16,0
DA:17,0
DA:20,0
DA:21,0
DA:24,0
DA:28,0
LF:11
LH:1
BRDA:5,0,0,0
BRDA:5,0,1,0
BRDA:15,1,0,0
BRDA:15,1,1,0
BRF:4
BRH:0
end_of_record
TN:
SF:client/src/components/ProdOverview/AddToCart/SizeDropdown.jsx
FN:3,(anonymous_0)
FN:7,(anonymous_1)
FN:32,(anonymous_2)
FNF:3
FNH:0
FNDA:0,(anonymous_0)
FNDA:0,(anonymous_1)
FNDA:0,(anonymous_2)
DA:3,1
DA:5,0
DA:7,0
DA:8,0
DA:9,0
DA:10,0
DA:11,0
DA:12,0
DA:14,0
DA:19,0
DA:20,0
DA:28,0
DA:33,0
LF:13
LH:1
BRDA:10,0,0,0
BRDA:10,0,1,0
BRDA:19,1,0,0
BRDA:19,1,1,0
BRF:4
BRH:0
end_of_record
TN:
SF:client/src/components/ProdOverview/ImageGallery/DefaultGallery.jsx
FN:7,(anonymous_0)
FN:14,(anonymous_1)
FN:23,(anonymous_2)
FN:35,(anonymous_3)
FN:48,(anonymous_4)
FN:54,(anonymous_5)
FN:63,(anonymous_6)
FN:65,(anonymous_7)
FN:67,(anonymous_8)
FNF:9
FNH:0
FNDA:0,(anonymous_0)
FNDA:0,(anonymous_1)
FNDA:0,(anonymous_2)
FNDA:0,(anonymous_3)
FNDA:0,(anonymous_4)
FNDA:0,(anonymous_5)
FNDA:0,(anonymous_6)
FNDA:0,(anonymous_7)
FNDA:0,(anonymous_8)
DA:8,0
DA:9,0
DA:16,0
DA:17,0
DA:24,0
DA:25,0
DA:29,0
DA:36,0
DA:37,0
DA:41,0
DA:42,0
DA:49,0
DA:55,0
DA:64,0
DA:65,0
DA:67,0
LF:16
LH:0
BRDA:16,0,0,0
BRDA:16,0,1,0
BRDA:24,1,0,0
BRDA:24,1,1,0
BRDA:36,2,0,0
BRDA:36,2,1,0
BRDA:36,3,0,0
BRDA:36,3,1,0
BRDA:64,4,0,0
BRDA:64,4,1,0
BRF:10
BRH:0
end_of_record
TN:
SF:client/src/components/ProdOverview/ImageGallery/Gallery.styles.js
FNF:0
FNH:0
DA:3,1
DA:12,1
DA:18,1
DA:27,1
DA:32,1
DA:38,1
DA:48,1
LF:7
LH:7
BRF:0
BRH:0
end_of_record
TN:
SF:client/src/components/ProdOverview/StyleSelector/Style.styles.js
FNF:0
FNH:0
DA:4,1
DA:8,1
DA:17,1
DA:22,1
LF:4
LH:4
BRF:0
BRH:0
end_of_record
TN:
SF:client/src/components/ProdOverview/StyleSelector/StyleSelect.jsx
FN:6,(anonymous_0)
FN:10,(anonymous_1)
FN:14,(anonymous_2)
FNF:3
FNH:0
FNDA:0,(anonymous_0)
FNDA:0,(anonymous_1)
FNDA:0,(anonymous_2)
DA:7,0
DA:12,0
DA:15,0
LF:3
LH:0
BRF:0
BRH:0
end_of_record
TN:
SF:client/src/components/ProdOverview/StyleSelector/StyleSelectBubble.jsx
FN:4,(anonymous_0)
FN:7,(anonymous_1)
FNF:2
FNH:0
FNDA:0,(anonymous_0)
FNDA:0,(anonymous_1)
DA:4,1
DA:7,0
DA:8,0
DA:11,0
LF:4
LH:1
BRF:0
BRH:0
end_of_record
TN:
SF:client/src/components/QnAcomponents/AddAnswerForm.jsx
FN:5,(anonymous_0)
FN:16,(anonymous_1)
FN:25,(anonymous_2)
FN:39,(anonymous_3)
FN:45,(anonymous_4)
FN:53,(anonymous_5)
FN:65,(anonymous_6)
FN:110,(anonymous_7)
FNF:8
FNH:0
FNDA:0,(anonymous_0)
FNDA:0,(anonymous_1)
FNDA:0,(anonymous_2)
FNDA:0,(anonymous_3)
FNDA:0,(anonymous_4)
FNDA:0,(anonymous_5)
FNDA:0,(anonymous_6)
FNDA:0,(anonymous_7)
DA:6,0
DA:7,0
DA:12,0
DA:13,0
DA:17,0
DA:18,0
DA:19,0
DA:20,0
DA:26,0
DA:27,0
DA:28,0
DA:29,0
DA:30,0
DA:31,0
DA:32,0
DA:33,0
DA:35,0
DA:37,0
DA:38,0
DA:40,0
DA:42,0
DA:43,0
DA:46,0
DA:49,0
DA:54,0
DA:55,0
DA:56,0
DA:57,0
DA:58,0
DA:59,0
DA:61,0
DA:66,0
DA:110,0
LF:33
LH:0
BRDA:35,0,0,0
BRDA:35,0,1,0
BRDA:54,1,0,0
BRDA:54,1,1,0
BRDA:56,2,0,0
BRDA:56,2,1,0
BRDA:58,3,0,0
BRDA:58,3,1,0
BRF:8
BRH:0
end_of_record
TN:
SF:client/src/components/QnAcomponents/AddQuestion.jsx
FN:5,(anonymous_0)
FN:16,(anonymous_1)
FN:24,(anonymous_2)
FN:33,(anonymous_3)
FNF:4
FNH:0
FNDA:0,(anonymous_0)
FNDA:0,(anonymous_1)
FNDA:0,(anonymous_2)
FNDA:0,(anonymous_3)
DA:6,0
DA:7,0
DA:12,0
DA:17,0
DA:27,0
DA:28,0
DA:30,0
DA:32,0
DA:33,0
DA:35,0
DA:37,0
LF:11
LH:0
BRDA:27,0,0,0
BRDA:27,0,1,0
BRDA:32,1,0,0
BRDA:32,1,1,0
BRF:4
BRH:0
end_of_record
TN:
SF:client/src/components/QnAcomponents/AddQuestionForm.jsx
FN:5,(anonymous_0)
FN:18,(anonymous_1)
FN:27,(anonymous_2)
FN:42,(anonymous_3)
FN:46,(anonymous_4)
FN:53,(anonymous_5)
FN:66,(anonymous_6)
FN:111,(anonymous_7)
FNF:8
FNH:0
FNDA:0,(anonymous_0)
FNDA:0,(anonymous_1)
FNDA:0,(anonymous_2)
FNDA:0,(anonymous_3)
FNDA:0,(anonymous_4)
FNDA:0,(anonymous_5)
FNDA:0,(anonymous_6)
FNDA:0,(anonymous_7)
DA:6,0
DA:7,0
DA:13,0
DA:14,0
DA:15,0
DA:19,0
DA:20,0
DA:21,0
DA:22,0
DA:28,0
DA:29,0
DA:30,0
DA:31,0
DA:32,0
DA:33,0
DA:35,0
DA:36,0
DA:40,0
DA:41,0
DA:44,0
DA:47,0
DA:50,0
DA:54,0
DA:55,0
DA:56,0
DA:57,0
DA:58,0
DA:59,0
DA:61,0
DA:67,0
DA:111,0
LF:31
LH:0
BRDA:35,0,0,0
BRDA:35,0,1,0
BRDA:54,1,0,0
BRDA:54,1,1,0
BRDA:56,2,0,0
BRDA:56,2,1,0
BRDA:58,3,0,0
BRDA:58,3,1,0
BRF:8
BRH:0
end_of_record
TN:
SF:client/src/components/QnAcomponents/AnswersList.jsx
FN:4,(anonymous_0)
FN:7,(anonymous_1)
FN:14,(anonymous_2)
FNF:3
FNH:0
FNDA:0,(anonymous_0)
FNDA:0,(anonymous_1)
FNDA:0,(anonymous_2)
DA:4,1
DA:5,0
DA:6,0
DA:7,0
DA:8,0
DA:11,0
DA:15,0
LF:7
LH:1
BRF:0
BRH:0
end_of_record
TN:
SF:client/src/components/QnAcomponents/MoreAnsweredQuestions.jsx
FN:3,(anonymous_0)
FN:6,(anonymous_1)
FNF:2
FNH:0
FNDA:0,(anonymous_0)
FNDA:0,(anonymous_1)
DA:3,1
DA:5,0
DA:6,0
LF:3
LH:1
BRF:0
BRH:0
end_of_record
TN:
SF:client/src/components/QnAcomponents/QuestionsList.jsx
FN:5,(anonymous_0)
FN:9,(anonymous_1)
FN:12,(anonymous_2)
FNF:3
FNH:0
FNDA:0,(anonymous_0)
FNDA:0,(anonymous_1)
FNDA:0,(anonymous_2)
DA:6,0
DA:10,0
DA:13,0
LF:3
LH:0
BRF:0
BRH:0
end_of_record
TN:
SF:client/src/components/QnAcomponents/QuestionsListItem.jsx
FN:8,(anonymous_0)
FN:22,(anonymous_1)
FN:35,(anonymous_2)
FN:43,(anonymous_3)
FN:49,(anonymous_4)
FN:55,(anonymous_5)
FN:63,(anonymous_6)
FN:69,(anonymous_7)
FN:78,(anonymous_8)
FN:84,(anonymous_9)
FN:117,(anonymous_10)
FN:118,(anonymous_11)
FNF:12
FNH:0
FNDA:0,(anonymous_0)
FNDA:0,(anonymous_1)
FNDA:0,(anonymous_2)
FNDA:0,(anonymous_3)
FNDA:0,(anonymous_4)
FNDA:0,(anonymous_5)
FNDA:0,(anonymous_6)
FNDA:0,(anonymous_7)
FNDA:0,(anonymous_8)
FNDA:0,(anonymous_9)
FNDA:0,(anonymous_10)
FNDA:0,(anonymous_11)
DA:9,0
DA:10,0
DA:16,0
DA:17,0
DA:18,0
DA:19,0
DA:23,0
DA:24,0
DA:25,0
DA:29,0
DA:30,0
DA:36,0
DA:37,0
DA:44,0
DA:50,0
DA:56,0
DA:57,0
DA:60,0
DA:61,0
DA:62,0
DA:64,0
DA:67,0
DA:70,0
DA:73,0
DA:83,0
DA:84,0
DA:85,0
DA:90,0
DA:91,0
DA:97,0
DA:98,0
DA:107,0
DA:110,0
DA:117,0
DA:118,0
LF:35
LH:0
BRDA:24,0,0,0
BRDA:24,0,1,0
BRDA:60,1,0,0
BRDA:60,1,1,0
BRDA:83,2,0,0
BRDA:83,2,1,0
BRDA:97,3,0,0
BRDA:97,3,1,0
BRF:8
BRH:0
end_of_record
TN:
SF:client/src/components/QnAcomponents/QuestionsListItemAnswer.jsx
FN:5,(anonymous_0)
FN:16,(anonymous_1)
FN:24,(anonymous_2)
FN:30,(anonymous_3)
FN:38,(anonymous_4)
FN:46,(anonymous_5)
FN:53,(anonymous_6)
FN:62,(anonymous_7)
FN:75,(anonymous_8)
FN:76,(anonymous_9)
FNF:10
FNH:0
FNDA:0,(anonymous_0)
FNDA:0,(anonymous_1)
FNDA:0,(anonymous_2)
FNDA:0,(anonymous_3)
FNDA:0,(anonymous_4)
FNDA:0,(anonymous_5)
FNDA:0,(anonymous_6)
FNDA:0,(anonymous_7)
FNDA:0,(anonymous_8)
FNDA:0,(anonymous_9)
DA:6,0
DA:7,0
DA:12,0
DA:13,0
DA:17,0
DA:18,0
DA:21,0
DA:22,0
DA:23,0
DA:25,0
DA:26,0
DA:31,0
DA:34,0
DA:39,0
DA:40,0
DA:42,0
DA:44,0
DA:45,0
DA:47,0
DA:49,0
DA:54,0
DA:57,0
DA:64,0
DA:65,0
DA:67,0
DA:69,0
DA:75,0
DA:76,0
LF:28
LH:0
BRDA:21,0,0,0
BRDA:21,0,1,0
BRDA:42,1,0,0
BRDA:42,1,1,0
BRDA:64,2,0,0
BRDA:64,2,1,0
BRF:6
BRH:0
end_of_record
TN:
SF:client/src/components/QnAcomponents/SearchQuestions.jsx
FN:4,(anonymous_0)
FN:10,(anonymous_1)
FN:21,(anonymous_2)
FN:28,(anonymous_3)
FNF:4
FNH:0
FNDA:0,(anonymous_0)
FNDA:0,(anonymous_1)
FNDA:0,(anonymous_2)
FNDA:0,(anonymous_3)
DA:5,0
DA:7,0
DA:11,0
DA:12,0
DA:13,0
DA:15,0
DA:22,0
DA:28,0
LF:8
LH:0
BRDA:12,0,0,0
BRDA:12,0,1,0
BRF:2
BRH:0
end_of_record
TN:
SF:client/src/components/QnAcomponents/mainQnA.jsx
FN:10,(anonymous_0)
FN:22,(anonymous_1)
FN:27,(anonymous_2)
FN:32,(anonymous_3)
FN:38,(anonymous_4)
FN:51,(anonymous_5)
FN:56,(anonymous_6)
FN:60,(anonymous_7)
FN:66,(anonymous_8)
FN:71,(anonymous_9)
FN:77,(anonymous_10)
FN:83,(anonymous_11)
FN:88,(anonymous_12)
FN:109,(anonymous_13)
FN:114,(anonymous_14)
FNF:15
FNH:0
FNDA:0,(anonymous_0)
FNDA:0,(anonymous_1)
FNDA:0,(anonymous_2)
FNDA:0,(anonymous_3)
FNDA:0,(anonymous_4)
FNDA:0,(anonymous_5)
FNDA:0,(anonymous_6)
FNDA:0,(anonymous_7)
FNDA:0,(anonymous_8)
FNDA:0,(anonymous_9)
FNDA:0,(anonymous_10)
FNDA:0,(anonymous_11)
FNDA:0,(anonymous_12)
FNDA:0,(anonymous_13)
FNDA:0,(anonymous_14)
DA:11,0
DA:12,0
DA:17,0
DA:18,0
DA:19,0
DA:23,0
DA:25,0
DA:26,0
DA:28,0
DA:33,0
DA:36,0
DA:37,0
DA:39,0
DA:40,0
DA:41,0
DA:42,0
DA:46,0
DA:47,0
DA:52,0
DA:58,0
DA:59,0
DA:61,0
DA:67,0
DA:72,0
DA:78,0
DA:81,0
DA:82,0
DA:84,0
DA:85,0
DA:86,0
DA:87,0
DA:88,0
DA:89,0
DA:91,0
DA:95,0
DA:97,0
DA:98,0
DA:99,0
DA:103,0
DA:104,0
DA:110,0
DA:116,0
DA:117,0
DA:119,0
DA:121,0
LF:45
LH:0
BRDA:41,0,0,0
BRDA:41,0,1,0
BRDA:84,1,0,0
BRDA:84,1,1,0
BRDA:98,2,0,0
BRDA:98,2,1,0
BRDA:116,3,0,0
BRDA:116,3,1,0
BRF:8
BRH:0
end_of_record
TN:
SF:client/src/components/RatingsNReviews/HelpfulButton.jsx
FN:4,(anonymous_0)
FN:9,(anonymous_1)
FN:21,(anonymous_2)
FN:27,(anonymous_3)
FNF:4
FNH:2
FNDA:80,(anonymous_0)
FNDA:8,(anonymous_1)
FNDA:0,(anonymous_2)
FNDA:0,(anonymous_3)
DA:4,2
DA:5,80
DA:6,80
DA:7,80
DA:9,80
DA:10,8
DA:11,8
DA:12,0
DA:13,0
DA:14,0
DA:16,8
DA:17,8
DA:21,80
DA:22,0
DA:23,0
DA:24,0
DA:25,0
DA:26,0
DA:28,0
DA:31,0
DA:32,0
DA:35,80
LF:22
LH:11
BRDA:11,0,0,0
BRDA:11,0,1,8
BRDA:22,1,0,0
BRDA:22,1,1,0
BRDA:37,2,0,0
BRDA:37,2,1,80
BRF:6
BRH:2
end_of_record
TN:
SF:client/src/components/RatingsNReviews/NewReview.jsx
FN:4,(anonymous_0)
FN:84,(anonymous_1)
FN:117,(anonymous_2)
FN:127,(anonymous_3)
FN:140,(anonymous_4)
FN:159,(anonymous_5)
FN:163,(anonymous_6)
FN:169,(anonymous_7)
FN:175,(anonymous_8)
FN:178,(anonymous_9)
FN:185,(anonymous_10)
FN:186,(anonymous_11)
FN:188,(anonymous_12)
FN:202,(anonymous_13)
FN:217,(anonymous_14)
FN:225,(anonymous_15)
FN:226,(anonymous_16)
FN:233,(anonymous_17)
FN:234,(anonymous_18)
FN:244,(anonymous_19)
FN:246,(anonymous_20)
FN:255,(anonymous_21)
FN:256,(anonymous_22)
FN:262,(anonymous_23)
FN:263,(anonymous_24)
FN:269,(anonymous_25)
FN:270,(anonymous_26)
FN:276,(anonymous_27)
FN:277,(anonymous_28)
FN:283,(anonymous_29)
FN:284,(anonymous_30)
FN:296,(anonymous_31)
FN:297,(anonymous_32)
FN:303,(anonymous_33)
FN:304,(anonymous_34)
FN:310,(anonymous_35)
FN:311,(anonymous_36)
FN:317,(anonymous_37)
FN:318,(anonymous_38)
FN:324,(anonymous_39)
FN:325,(anonymous_40)
FN:337,(anonymous_41)
FN:338,(anonymous_42)
FN:344,(anonymous_43)
FN:345,(anonymous_44)
FN:351,(anonymous_45)
FN:352,(anonymous_46)
FN:358,(anonymous_47)
FN:359,(anonymous_48)
FN:365,(anonymous_49)
FN:366,(anonymous_50)
FN:379,(anonymous_51)
FN:380,(anonymous_52)
FN:386,(anonymous_53)
FN:387,(anonymous_54)
FN:393,(anonymous_55)
FN:394,(anonymous_56)
FN:400,(anonymous_57)
FN:401,(anonymous_58)
FN:407,(anonymous_59)
FN:408,(anonymous_60)
FN:420,(anonymous_61)
FN:421,(anonymous_62)
FN:427,(anonymous_63)
FN:428,(anonymous_64)
FN:434,(anonymous_65)
FN:435,(anonymous_66)
FN:441,(anonymous_67)
FN:442,(anonymous_68)
FN:448,(anonymous_69)
FN:449,(anonymous_70)
FN:461,(anonymous_71)
FN:462,(anonymous_72)
FN:468,(anonymous_73)
FN:469,(anonymous_74)
FN:475,(anonymous_75)
FN:476,(anonymous_76)
FN:482,(anonymous_77)
FN:483,(anonymous_78)
FN:489,(anonymous_79)
FN:490,(anonymous_80)
FN:505,(anonymous_81)
FN:508,(anonymous_82)
FN:518,(anonymous_83)
FN:521,(anonymous_84)
FN:531,(anonymous_85)
FN:535,(anonymous_86)
FN:547,(anonymous_87)
FN:558,(anonymous_88)
FN:561,(anonymous_89)
FN:572,(anonymous_90)
FN:579,(anonymous_91)
FNF:92
FNH:0
FNDA:0,(anonymous_0)
FNDA:0,(anonymous_1)
FNDA:0,(anonymous_2)
FNDA:0,(anonymous_3)
FNDA:0,(anonymous_4)
FNDA:0,(anonymous_5)
FNDA:0,(anonymous_6)
FNDA:0,(anonymous_7)
FNDA:0,(anonymous_8)
FNDA:0,(anonymous_9)
FNDA:0,(anonymous_10)
FNDA:0,(anonymous_11)
FNDA:0,(anonymous_12)
FNDA:0,(anonymous_13)
FNDA:0,(anonymous_14)
FNDA:0,(anonymous_15)
FNDA:0,(anonymous_16)
FNDA:0,(anonymous_17)
FNDA:0,(anonymous_18)
FNDA:0,(anonymous_19)
FNDA:0,(anonymous_20)
FNDA:0,(anonymous_21)
FNDA:0,(anonymous_22)
FNDA:0,(anonymous_23)
FNDA:0,(anonymous_24)
FNDA:0,(anonymous_25)
FNDA:0,(anonymous_26)
FNDA:0,(anonymous_27)
FNDA:0,(anonymous_28)
FNDA:0,(anonymous_29)
FNDA:0,(anonymous_30)
FNDA:0,(anonymous_31)
FNDA:0,(anonymous_32)
FNDA:0,(anonymous_33)
FNDA:0,(anonymous_34)
FNDA:0,(anonymous_35)
FNDA:0,(anonymous_36)
FNDA:0,(anonymous_37)
FNDA:0,(anonymous_38)
FNDA:0,(anonymous_39)
FNDA:0,(anonymous_40)
FNDA:0,(anonymous_41)
FNDA:0,(anonymous_42)
FNDA:0,(anonymous_43)
FNDA:0,(anonymous_44)
FNDA:0,(anonymous_45)
FNDA:0,(anonymous_46)
FNDA:0,(anonymous_47)
FNDA:0,(anonymous_48)
FNDA:0,(anonymous_49)
FNDA:0,(anonymous_50)
FNDA:0,(anonymous_51)
FNDA:0,(anonymous_52)
FNDA:0,(anonymous_53)
FNDA:0,(anonymous_54)
FNDA:0,(anonymous_55)
FNDA:0,(anonymous_56)
FNDA:0,(anonymous_57)
FNDA:0,(anonymous_58)
FNDA:0,(anonymous_59)
FNDA:0,(anonymous_60)
FNDA:0,(anonymous_61)
FNDA:0,(anonymous_62)
FNDA:0,(anonymous_63)
FNDA:0,(anonymous_64)
FNDA:0,(anonymous_65)
FNDA:0,(anonymous_66)
FNDA:0,(anonymous_67)
FNDA:0,(anonymous_68)
FNDA:0,(anonymous_69)
FNDA:0,(anonymous_70)
FNDA:0,(anonymous_71)
FNDA:0,(anonymous_72)
FNDA:0,(anonymous_73)
FNDA:0,(anonymous_74)
FNDA:0,(anonymous_75)
FNDA:0,(anonymous_76)
FNDA:0,(anonymous_77)
FNDA:0,(anonymous_78)
FNDA:0,(anonymous_79)
FNDA:0,(anonymous_80)
FNDA:0,(anonymous_81)
FNDA:0,(anonymous_82)
FNDA:0,(anonymous_83)
FNDA:0,(anonymous_84)
FNDA:0,(anonymous_85)
FNDA:0,(anonymous_86)
FNDA:0,(anonymous_87)
FNDA:0,(anonymous_88)
FNDA:0,(anonymous_89)
FNDA:0,(anonymous_90)
FNDA:0,(anonymous_91)
DA:4,2
DA:6,0
DA:15,0
DA:24,0
DA:33,0
DA:42,0
DA:51,0
DA:60,0
DA:69,0
DA:70,0
DA:71,0
DA:72,0
DA:73,0
DA:74,0
DA:75,0
DA:76,0
DA:77,0
DA:78,0
DA:79,0
DA:80,0
DA:81,0
DA:82,0
DA:84,0
DA:85,0
DA:86,0
DA:87,0
DA:88,0
DA:89,0
DA:91,0
DA:92,0
DA:93,0
DA:95,0
DA:96,0
DA:97,0
DA:99,0
DA:100,0
DA:101,0
DA:103,0
DA:104,0
DA:105,0
DA:107,0
DA:108,0
DA:109,0
DA:111,0
DA:112,0
DA:114,0
DA:117,0
DA:118,0
DA:119,0
DA:120,0
DA:121,0
DA:122,0
DA:124,0
DA:125,0
DA:127,0
DA:128,0
DA:129,0
DA:130,0
DA:131,0
DA:132,0
DA:133,0
DA:134,0
DA:137,0
DA:138,0
DA:140,0
DA:141,0
DA:142,0
DA:143,0
DA:160,0
DA:161,0
DA:164,0
DA:167,0
DA:169,0
DA:170,0
DA:171,0
DA:173,0
DA:175,0
DA:176,0
DA:178,0
DA:179,0
DA:180,0
DA:181,0
DA:182,0
DA:183,0
DA:184,0
DA:186,0
DA:189,0
DA:192,0
DA:193,0
DA:197,0
DA:203,0
DA:218,0
DA:219,0
DA:226,0
DA:233,0
DA:234,0
DA:244,0
DA:246,0
DA:256,0
DA:263,0
DA:270,0
DA:277,0
DA:284,0
DA:297,0
DA:304,0
DA:311,0
DA:318,0
DA:325,0
DA:338,0
DA:345,0
DA:352,0
DA:359,0
DA:366,0
DA:380,0
DA:387,0
DA:394,0
DA:401,0
DA:408,0
DA:421,0
DA:428,0
DA:435,0
DA:442,0
DA:449,0
DA:462,0
DA:469,0
DA:476,0
DA:483,0
DA:490,0
DA:506,0
DA:508,0
DA:519,0
DA:521,0
DA:531,0
DA:536,0
DA:547,0
DA:559,0
DA:561,0
DA:573,0
DA:579,0
LF:139
LH:1
BRDA:86,0,0,0
BRDA:86,0,1,0
BRDA:91,1,0,0
BRDA:91,1,1,0
BRDA:95,2,0,0
BRDA:95,2,1,0
BRDA:99,3,0,0
BRDA:99,3,1,0
BRDA:103,4,0,0
BRDA:103,4,1,0
BRDA:107,5,0,0
BRDA:107,5,1,0
BRDA:111,6,0,0
BRDA:111,6,1,0
BRDA:111,7,0,0
BRDA:111,7,1,0
BRDA:111,7,2,0
BRDA:111,7,3,0
BRDA:111,7,4,0
BRDA:111,7,5,0
BRDA:120,8,0,0
BRDA:120,8,1,0
BRDA:120,9,0,0
BRDA:120,9,1,0
BRDA:120,9,2,0
BRDA:130,10,0,0
BRDA:130,10,1,0
BRDA:132,11,0,0
BRDA:132,11,1,0
BRDA:132,12,0,0
BRDA:132,12,1,0
BRDA:132,12,2,0
BRDA:141,13,0,0
BRDA:141,13,1,0
BRDA:170,14,0,0
BRDA:170,14,1,0
BRDA:176,15,0,0
BRDA:176,15,1,0
BRDA:180,16,0,0
BRDA:180,16,1,0
BRDA:216,17,0,0
BRDA:216,17,1,0
BRDA:232,18,0,0
BRDA:232,18,1,0
BRDA:232,19,0,0
BRDA:232,19,1,0
BRDA:243,20,0,0
BRDA:243,20,1,0
BRDA:253,21,0,0
BRDA:253,21,1,0
BRDA:255,22,0,0
BRDA:255,22,1,0
BRDA:262,23,0,0
BRDA:262,23,1,0
BRDA:269,24,0,0
BRDA:269,24,1,0
BRDA:276,25,0,0
BRDA:276,25,1,0
BRDA:283,26,0,0
BRDA:283,26,1,0
BRDA:294,27,0,0
BRDA:294,27,1,0
BRDA:296,28,0,0
BRDA:296,28,1,0
BRDA:303,29,0,0
BRDA:303,29,1,0
BRDA:310,30,0,0
BRDA:310,30,1,0
BRDA:317,31,0,0
BRDA:317,31,1,0
BRDA:324,32,0,0
BRDA:324,32,1,0
BRDA:335,33,0,0
BRDA:335,33,1,0
BRDA:337,34,0,0
BRDA:337,34,1,0
BRDA:344,35,0,0
BRDA:344,35,1,0
BRDA:351,36,0,0
BRDA:351,36,1,0
BRDA:358,37,0,0
BRDA:358,37,1,0
BRDA:365,38,0,0
BRDA:365,38,1,0
BRDA:377,39,0,0
BRDA:377,39,1,0
BRDA:379,40,0,0
BRDA:379,40,1,0
BRDA:386,41,0,0
BRDA:386,41,1,0
BRDA:393,42,0,0
BRDA:393,42,1,0
BRDA:400,43,0,0
BRDA:400,43,1,0
BRDA:407,44,0,0
BRDA:407,44,1,0
BRDA:418,45,0,0
BRDA:418,45,1,0
BRDA:420,46,0,0
BRDA:420,46,1,0
BRDA:427,47,0,0
BRDA:427,47,1,0
BRDA:434,48,0,0
BRDA:434,48,1,0
BRDA:441,49,0,0
BRDA:441,49,1,0
BRDA:448,50,0,0
BRDA:448,50,1,0
BRDA:459,51,0,0
BRDA:459,51,1,0
BRDA:461,52,0,0
BRDA:461,52,1,0
BRDA:468,53,0,0
BRDA:468,53,1,0
BRDA:475,54,0,0
BRDA:475,54,1,0
BRDA:482,55,0,0
BRDA:482,55,1,0
BRDA:489,56,0,0
BRDA:489,56,1,0
BRDA:506,57,0,0
BRDA:506,57,1,0
BRDA:514,58,0,0
BRDA:514,58,1,0
BRDA:519,59,0,0
BRDA:519,59,1,0
BRDA:530,60,0,0
BRDA:530,60,1,0
BRDA:532,61,0,0
BRDA:532,61,1,0
BRDA:533,62,0,0
BRDA:533,62,1,0
BRDA:546,63,0,0
BRDA:546,63,1,0
BRDA:554,64,0,0
BRDA:554,64,1,0
BRDA:559,65,0,0
BRDA:559,65,1,0
BRF:138
BRH:0
end_of_record
TN:
SF:client/src/components/RatingsNReviews/ProductBreakDown.jsx
FN:3,(anonymous_0)
FN:37,(anonymous_1)
FN:42,(anonymous_2)
FN:47,(anonymous_3)
FNF:4
FNH:3
FNDA:66,(anonymous_0)
FNDA:12,(anonymous_1)
FNDA:0,(anonymous_2)
FNDA:12,(anonymous_3)
DA:3,2
DA:4,66
DA:37,66
DA:38,12
DA:39,12
DA:40,12
DA:42,66
DA:45,66
DA:48,12
LF:9
LH:9
BRDA:47,0,0,3
BRDA:47,0,1,63
BRF:2
BRH:2
end_of_record
TN:
SF:client/src/components/RatingsNReviews/RatingBreakDown.jsx
FN:4,(anonymous_0)
FNF:1
FNH:1
FNDA:66,(anonymous_0)
DA:4,2
DA:6,66
LF:2
LH:2
BRDA:22,0,0,0
BRDA:22,0,1,66
BRDA:23,1,0,0
BRDA:23,1,1,66
BRDA:32,2,0,0
BRDA:32,2,1,66
BRDA:33,3,0,0
BRDA:33,3,1,66
BRDA:42,4,0,0
BRDA:42,4,1,66
BRDA:43,5,0,0
BRDA:43,5,1,66
BRDA:52,6,0,0
BRDA:52,6,1,66
BRDA:53,7,0,0
BRDA:53,7,1,66
BRDA:62,8,0,0
BRDA:62,8,1,66
BRDA:63,9,0,0
BRDA:63,9,1,66
BRF:20
BRH:10
end_of_record
TN:
SF:client/src/components/RatingsNReviews/RatingsNReviews.jsx
FN:4,(anonymous_0)
FNF:1
FNH:0
FNDA:0,(anonymous_0)
DA:4,1
DA:5,0
LF:2
LH:1
BRF:0
BRH:0
end_of_record
TN:
SF:client/src/components/RatingsNReviews/ReviewList.jsx
FN:9,(anonymous_0)
FN:45,(anonymous_1)
FN:52,(anonymous_2)
FN:54,(anonymous_3)
FN:77,(anonymous_4)
FN:79,(anonymous_5)
FN:85,(anonymous_6)
FN:87,(anonymous_7)
FN:92,(anonymous_8)
FN:93,(anonymous_9)
FN:95,(anonymous_10)
FN:109,(anonymous_11)
FN:113,(anonymous_12)
FN:117,(anonymous_13)
FN:145,(anonymous_14)
FN:149,(anonymous_15)
FN:159,(anonymous_16)
FN:173,(anonymous_17)
FN:181,(anonymous_18)
FN:189,(anonymous_19)
FN:196,(anonymous_20)
FN:212,(anonymous_21)
FN:214,(anonymous_22)
FN:230,(anonymous_23)
FN:232,(anonymous_24)
FN:248,(anonymous_25)
FN:250,(anonymous_26)
FN:266,(anonymous_27)
FN:268,(anonymous_28)
FN:284,(anonymous_29)
FN:286,(anonymous_30)
FN:293,(anonymous_31)
FN:297,(anonymous_32)
FN:301,(anonymous_33)
FN:308,(anonymous_34)
FN:314,(anonymous_35)
FN:322,(anonymous_36)
FN:326,(anonymous_37)
FN:332,(anonymous_38)
FN:342,(anonymous_39)
FN:344,(anonymous_40)
FN:346,(anonymous_41)
FN:369,(anonymous_42)
FN:383,(anonymous_43)
FN:396,(anonymous_44)
FN:400,(anonymous_45)
FN:418,(anonymous_46)
FN:419,(anonymous_47)
FNF:48
FNH:18
FNDA:66,(anonymous_0)
FNDA:7,(anonymous_1)
FNDA:7,(anonymous_2)
FNDA:24,(anonymous_3)
FNDA:0,(anonymous_4)
FNDA:0,(anonymous_5)
FNDA:0,(anonymous_6)
FNDA:0,(anonymous_7)
FNDA:24,(anonymous_8)
FNDA:48,(anonymous_9)
FNDA:4,(anonymous_10)
FNDA:0,(anonymous_11)
FNDA:7,(anonymous_12)
FNDA:14,(anonymous_13)
FNDA:14,(anonymous_14)
FNDA:0,(anonymous_15)
FNDA:28,(anonymous_16)
FNDA:1,(anonymous_17)
FNDA:0,(anonymous_18)
FNDA:0,(anonymous_19)
FNDA:0,(anonymous_20)
FNDA:0,(anonymous_21)
FNDA:0,(anonymous_22)
FNDA:0,(anonymous_23)
FNDA:0,(anonymous_24)
FNDA:0,(anonymous_25)
FNDA:0,(anonymous_26)
FNDA:0,(anonymous_27)
FNDA:0,(anonymous_28)
FNDA:0,(anonymous_29)
FNDA:0,(anonymous_30)
FNDA:80,(anonymous_31)
FNDA:0,(anonymous_32)
FNDA:0,(anonymous_33)
FNDA:0,(anonymous_34)
FNDA:0,(anonymous_35)
FNDA:0,(anonymous_36)
FNDA:146,(anonymous_37)
FNDA:0,(anonymous_38)
FNDA:0,(anonymous_39)
FNDA:0,(anonymous_40)
FNDA:66,(anonymous_41)
FNDA:1,(anonymous_42)
FNDA:80,(anonymous_43)
FNDA:0,(anonymous_44)
FNDA:160,(anonymous_45)
FNDA:0,(anonymous_46)
FNDA:0,(anonymous_47)
DA:9,2
DA:10,66
DA:11,66
DA:12,66
DA:13,66
DA:14,66
DA:15,66
DA:16,66
DA:17,66
DA:18,66
DA:19,66
DA:20,66
DA:21,66
DA:22,66
DA:23,66
DA:24,66
DA:25,66
DA:26,66
DA:27,66
DA:28,66
DA:29,66
DA:30,66
DA:31,66
DA:32,66
DA:33,66
DA:34,66
DA:35,66
DA:36,66
DA:38,66
DA:45,66
DA:46,7
DA:47,7
DA:48,7
DA:49,7
DA:50,7
DA:51,7
DA:53,7
DA:54,24
DA:55,4
DA:57,4
DA:58,0
DA:59,0
DA:60,0
DA:62,0
DA:64,0
DA:66,4
DA:67,4
DA:68,0
DA:69,0
DA:71,4
DA:73,4
DA:74,0
DA:75,0
DA:76,0
DA:77,0
DA:79,0
DA:81,0
DA:82,0
DA:83,0
DA:84,0
DA:85,0
DA:87,0
DA:89,0
DA:91,4
DA:92,24
DA:93,48
DA:94,4
DA:96,4
DA:97,3
DA:98,3
DA:99,3
DA:100,3
DA:101,3
DA:102,3
DA:103,3
DA:104,3
DA:110,0
DA:113,7
DA:114,7
DA:117,66
DA:118,14
DA:119,14
DA:120,14
DA:121,14
DA:122,14
DA:123,0
DA:124,0
DA:125,14
DA:126,0
DA:127,0
DA:128,0
DA:130,0
DA:132,14
DA:133,0
DA:134,0
DA:136,14
DA:137,14
DA:138,0
DA:140,14
DA:143,14
DA:145,14
DA:146,14
DA:149,66
DA:150,0
DA:151,0
DA:152,0
DA:153,0
DA:154,0
DA:155,0
DA:157,0
DA:159,66
DA:160,28
DA:161,28
DA:162,28
DA:163,28
DA:164,140
DA:165,0
DA:166,0
DA:167,0
DA:170,28
DA:171,28
DA:173,66
DA:174,1
DA:175,1
DA:176,1
DA:177,1
DA:178,0
DA:179,0
DA:181,1
DA:182,0
DA:183,0
DA:184,0
DA:185,0
DA:187,0
DA:190,0
DA:191,0
DA:192,0
DA:194,1
DA:196,66
DA:197,0
DA:198,0
DA:199,0
DA:200,0
DA:201,0
DA:202,0
DA:203,0
DA:204,0
DA:205,0
DA:206,0
DA:208,0
DA:211,0
DA:212,0
DA:214,0
DA:216,0
DA:218,0
DA:219,0
DA:220,0
DA:221,0
DA:222,0
DA:223,0
DA:224,0
DA:226,0
DA:229,0
DA:230,0
DA:232,0
DA:234,0
DA:236,0
DA:237,0
DA:238,0
DA:239,0
DA:240,0
DA:241,0
DA:242,0
DA:244,0
DA:247,0
DA:248,0
DA:250,0
DA:252,0
DA:254,0
DA:255,0
DA:256,0
DA:257,0
DA:258,0
DA:259,0
DA:260,0
DA:262,0
DA:265,0
DA:266,0
DA:268,0
DA:270,0
DA:272,0
DA:273,0
DA:274,0
DA:275,0
DA:276,0
DA:277,0
DA:278,0
DA:280,0
DA:283,0
DA:284,0
DA:286,0
DA:288,0
DA:290,0
DA:293,66
DA:294,80
DA:295,80
DA:297,66
DA:298,0
DA:299,0
DA:301,66
DA:302,0
DA:303,0
DA:304,0
DA:305,0
DA:306,0
DA:308,0
DA:309,0
DA:314,66
DA:315,0
DA:316,0
DA:317,0
DA:318,0
DA:319,0
DA:320,0
DA:322,66
DA:323,0
DA:324,0
DA:326,66
DA:327,146
DA:328,146
DA:329,146
DA:330,146
DA:332,66
DA:333,0
DA:334,0
DA:335,0
DA:336,0
DA:337,0
DA:338,0
DA:339,0
DA:342,66
DA:343,0
DA:344,0
DA:346,66
DA:347,66
DA:348,0
DA:349,0
DA:351,0
DA:352,66
DA:353,1
DA:355,65
DA:359,66
DA:370,1
DA:384,80
DA:396,0
DA:401,160
DA:418,0
DA:419,0
LF:258
LH:113
BRDA:53,0,0,4
BRDA:53,0,1,3
BRDA:54,1,0,24
BRDA:54,1,1,12
BRDA:57,2,0,0
BRDA:57,2,1,4
BRDA:58,3,0,0
BRDA:58,3,1,0
BRDA:66,4,0,4
BRDA:66,4,1,0
BRDA:67,5,0,0
BRDA:67,5,1,4
BRDA:74,6,0,0
BRDA:74,6,1,0
BRDA:75,7,0,0
BRDA:75,7,1,0
BRDA:82,8,0,0
BRDA:82,8,1,0
BRDA:83,9,0,0
BRDA:83,9,1,0
BRDA:96,10,0,3
BRDA:96,10,1,1
BRDA:119,11,0,14
BRDA:119,11,1,0
BRDA:122,12,0,0
BRDA:122,12,1,14
BRDA:125,13,0,0
BRDA:125,13,1,14
BRDA:127,14,0,0
BRDA:127,14,1,0
BRDA:127,15,0,0
BRDA:127,15,1,0
BRDA:132,16,0,0
BRDA:132,16,1,14
BRDA:132,17,0,14
BRDA:132,17,1,0
BRDA:132,17,2,0
BRDA:137,18,0,0
BRDA:137,18,1,14
BRDA:137,19,0,14
BRDA:137,19,1,14
BRDA:150,20,0,0
BRDA:150,20,1,0
BRDA:164,21,0,0
BRDA:164,21,1,140
BRDA:174,22,0,1
BRDA:174,22,1,1
BRDA:177,23,0,0
BRDA:177,23,1,1
BRDA:182,24,0,0
BRDA:182,24,1,0
BRDA:182,25,0,0
BRDA:182,25,1,0
BRDA:199,26,0,0
BRDA:199,26,1,0
BRDA:199,27,0,0
BRDA:199,27,1,0
BRDA:201,28,0,0
BRDA:201,28,1,0
BRDA:202,29,0,0
BRDA:202,29,1,0
BRDA:203,30,0,0
BRDA:203,30,1,0
BRDA:211,31,0,0
BRDA:211,31,1,0
BRDA:219,32,0,0
BRDA:219,32,1,0
BRDA:220,33,0,0
BRDA:220,33,1,0
BRDA:221,34,0,0
BRDA:221,34,1,0
BRDA:229,35,0,0
BRDA:229,35,1,0
BRDA:237,36,0,0
BRDA:237,36,1,0
BRDA:238,37,0,0
BRDA:238,37,1,0
BRDA:239,38,0,0
BRDA:239,38,1,0
BRDA:247,39,0,0
BRDA:247,39,1,0
BRDA:255,40,0,0
BRDA:255,40,1,0
BRDA:256,41,0,0
BRDA:256,41,1,0
BRDA:257,42,0,0
BRDA:257,42,1,0
BRDA:265,43,0,0
BRDA:265,43,1,0
BRDA:273,44,0,0
BRDA:273,44,1,0
BRDA:274,45,0,0
BRDA:274,45,1,0
BRDA:275,46,0,0
BRDA:275,46,1,0
BRDA:283,47,0,0
BRDA:283,47,1,0
BRDA:298,48,0,0
BRDA:298,48,1,0
BRDA:299,49,0,0
BRDA:299,49,1,0
BRDA:302,50,0,0
BRDA:302,50,1,0
BRDA:305,51,0,0
BRDA:305,51,1,0
BRDA:334,52,0,0
BRDA:334,52,1,0
BRDA:336,53,0,0
BRDA:336,53,1,0
BRDA:338,54,0,0
BRDA:338,54,1,0
BRDA:347,55,0,0
BRDA:347,55,1,66
BRDA:348,56,0,0
BRDA:348,56,1,0
BRDA:348,57,0,0
BRDA:348,57,1,0
BRDA:352,58,0,1
BRDA:352,58,1,65
BRDA:383,59,0,19
BRDA:383,59,1,47
BRDA:393,60,0,0
BRDA:393,60,1,80
BRDA:394,61,0,0
BRDA:394,61,1,80
BRDA:395,62,0,0
BRDA:395,62,1,0
BRDA:398,63,0,80
BRDA:398,63,1,0
BRDA:411,64,0,0
BRDA:411,64,1,80
BRDA:412,65,0,0
BRDA:412,65,1,80
BRDA:418,66,0,19
BRDA:418,66,1,47
BRDA:418,67,0,11
BRDA:418,67,1,36
BRDA:418,68,0,47
BRDA:418,68,1,40
BRDA:418,69,0,0
BRDA:418,69,1,47
BRDA:418,70,0,47
BRDA:418,70,1,47
BRDA:418,71,0,0
BRDA:418,71,1,0
BRDA:419,72,0,19
BRDA:419,72,1,47
BRDA:421,73,0,66
BRDA:421,73,1,0
BRF:149
BRH:43
end_of_record
TN:
SF:client/src/components/RelProductsComponents/MyOutfitCards.jsx
FN:3,(anonymous_0)
FN:17,(anonymous_1)
FNF:2
FNH:0
FNDA:0,(anonymous_0)
FNDA:0,(anonymous_1)
DA:3,1
DA:4,0
DA:5,0
DA:9,0
DA:18,0
LF:5
LH:1
BRDA:4,0,0,0
BRDA:4,0,1,0
BRF:2
BRH:0
end_of_record
TN:
SF:client/src/components/RelProductsComponents/ProductCards.jsx
FN:9,(anonymous_0)
FN:16,(anonymous_1)
FN:21,(anonymous_2)
FNF:3
FNH:0
FNDA:0,(anonymous_0)
FNDA:0,(anonymous_1)
FNDA:0,(anonymous_2)
DA:10,0
DA:11,0
DA:17,0
DA:18,0
DA:22,0
LF:5
LH:0
BRF:0
BRH:0
end_of_record
TN:
SF:client/src/components/RelProductsComponents/RelProducts.jsx
FN:9,(anonymous_0)
FN:21,(anonymous_1)
FN:24,(anonymous_2)
FN:30,(anonymous_3)
FN:33,(anonymous_4)
FN:38,(anonymous_5)
FNF:6
FNH:0
FNDA:0,(anonymous_0)
FNDA:0,(anonymous_1)
FNDA:0,(anonymous_2)
FNDA:0,(anonymous_3)
FNDA:0,(anonymous_4)
FNDA:0,(anonymous_5)
DA:10,0
DA:11,0
DA:16,0
DA:17,0
DA:23,0
DA:25,0
DA:28,0
DA:30,0
DA:34,0
DA:35,0
DA:39,0
DA:40,0
LF:12
LH:0
BRF:0
BRH:0
end_of_record
TN:
SF:example/products.js
FNF:0
FNH:0
DA:7,2
DA:37,2
DA:59,2
DA:161,2
DA:168,2
LF:5
LH:5
BRF:0
BRH:0
end_of_record
TN:
SF:example/questions.js
FNF:0
FNH:0
DA:13,1
DA:101,1
DA:194,1
LF:3
LH:3
BRF:0
BRH:0
end_of_record
TN:
SF:example/reviews.js
FNF:0
FNH:0
DA:1,2
DA:188,2
LF:2
LH:2
BRF:0
BRH:0
end_of_record
TN:
SF:test/mocks/handlers.js
FN:11,(anonymous_0)
FN:18,(anonymous_1)
FN:24,(anonymous_2)
FN:31,(anonymous_3)
FN:37,(anonymous_4)
FNF:5
FNH:2
FNDA:0,(anonymous_0)
FNDA:7,(anonymous_1)
FNDA:4,(anonymous_2)
FNDA:0,(anonymous_3)
FNDA:0,(anonymous_4)
DA:10,2
DA:12,0
DA:19,7
DA:25,4
DA:32,0
DA:38,0
LF:6
LH:3
BRF:0
BRH:0
end_of_record
